<?xml version="1.0" encoding="UTF-8"?>
<robot generator="Robot 6.1.1 (Python 3.12.0 on win32)" generated="20231211 21:15:56.646" rpa="false" schemaversion="4">
<suite id="s1" name="Tests" source="D:\Code\Portfolio\API_Testing_project\tests">
<suite id="s1-s1" name="API HTTP Methods" source="D:\Code\Portfolio\API_Testing_project\tests\API_HTTP_Methods.robot">
<test id="s1-s1-t1" name="Validate GET" line="15">
<kw name="GET" library="RequestsLibrary">
<var>${response}</var>
<arg>http://httpbin.org/get</arg>
<doc>Sends a GET request.</doc>
<msg timestamp="20231211 21:15:57.306" level="INFO">GET Request : url=http://httpbin.org/get 
 path_url=/get 
 headers={'User-Agent': 'python-requests/2.31.0', 'Accept-Encoding': 'gzip, deflate', 'Accept': '*/*', 'Connection': 'keep-alive'} 
 body=None 
 </msg>
<msg timestamp="20231211 21:15:57.306" level="INFO">GET Response : url=http://httpbin.org/get 
 status=200, reason=OK 
 headers={'Date': 'Mon, 11 Dec 2023 19:15:58 GMT', 'Content-Type': 'application/json', 'Content-Length': '304', 'Connection': 'keep-alive', 'Server': 'gunicorn/19.9.0', 'Access-Control-Allow-Origin': '*', 'Access-Control-Allow-Credentials': 'true'} 
 body={
  "args": {}, 
  "headers": {
    "Accept": "*/*", 
    "Accept-Encoding": "gzip, deflate", 
    "Host": "httpbin.org", 
    "User-Agent": "python-requests/2.31.0", 
    "X-Amzn-Trace-Id": "Root=1-65775fee-1abaf67049aa50581ccd0c8d"
  }, 
  "origin": "84.248.6.15", 
  "url": "http://httpbin.org/get"
}
 
 </msg>
<msg timestamp="20231211 21:15:57.306" level="INFO">${response} = &lt;Response [200]&gt;</msg>
<status status="PASS" starttime="20231211 21:15:56.993" endtime="20231211 21:15:57.306"/>
</kw>
<kw name="Should Be Equal As Strings" library="BuiltIn">
<arg>${response.status_code}</arg>
<arg>200</arg>
<doc>Fails if objects are unequal after converting them to strings.</doc>
<msg timestamp="20231211 21:15:57.307" level="INFO">Argument types are:
&lt;class 'int'&gt;
&lt;class 'str'&gt;</msg>
<status status="PASS" starttime="20231211 21:15:57.307" endtime="20231211 21:15:57.307"/>
</kw>
<kw name="Convert To String" library="BuiltIn">
<var>${body}</var>
<arg>${response.content}</arg>
<doc>Converts the given item to a Unicode string.</doc>
<msg timestamp="20231211 21:15:57.308" level="INFO">${body} = {
  "args": {}, 
  "headers": {
    "Accept": "*/*", 
    "Accept-Encoding": "gzip, deflate", 
    "Host": "httpbin.org", 
    "User-Agent": "python-requests/2.31.0", 
    "X-Amzn-Trace-Id": "Root=1-6...</msg>
<status status="PASS" starttime="20231211 21:15:57.307" endtime="20231211 21:15:57.308"/>
</kw>
<kw name="Should Contain" library="BuiltIn">
<arg>${body}</arg>
<arg>http://httpbin.org/get</arg>
<doc>Fails if ``container`` does not contain ``item`` one or more times.</doc>
<status status="PASS" starttime="20231211 21:15:57.308" endtime="20231211 21:15:57.308"/>
</kw>
<doc>Send a GET-call to server and analyze the content of the body</doc>
<status status="PASS" starttime="20231211 21:15:56.992" endtime="20231211 21:15:57.308"/>
</test>
<test id="s1-s1-t2" name="Validate POST" line="22">
<kw name="Create Dictionary" library="BuiltIn">
<var>${body}</var>
<arg>FirstName=${FIRST_NAME}</arg>
<arg>LastName=${LAST_NAME}</arg>
<arg>Age=${AGE}</arg>
<arg>FavAnimal=${FAV_ANIMAL}</arg>
<doc>Creates and returns a dictionary based on the given ``items``.</doc>
<msg timestamp="20231211 21:15:57.309" level="INFO">${body} = {'FirstName': 'John', 'LastName': 'Jones', 'Age': '36', 'FavAnimal': 'Dog'}</msg>
<status status="PASS" starttime="20231211 21:15:57.309" endtime="20231211 21:15:57.309"/>
</kw>
<kw name="POST" library="RequestsLibrary">
<var>${response}</var>
<arg>http://httpbin.org/post</arg>
<arg>${body}</arg>
<doc>Sends a POST request.</doc>
<msg timestamp="20231211 21:15:57.557" level="INFO">POST Request : url=http://httpbin.org/post 
 path_url=/post 
 headers={'User-Agent': 'python-requests/2.31.0', 'Accept-Encoding': 'gzip, deflate', 'Accept': '*/*', 'Connection': 'keep-alive', 'Content-Length': '50', 'Content-Type': 'application/x-www-form-urlencoded'} 
 body=FirstName=John&amp;LastName=Jones&amp;Age=36&amp;FavAnimal=Dog 
 </msg>
<msg timestamp="20231211 21:15:57.557" level="INFO">POST Response : url=http://httpbin.org/post 
 status=200, reason=OK 
 headers={'Date': 'Mon, 11 Dec 2023 19:15:58 GMT', 'Content-Type': 'application/json', 'Content-Length': '551', 'Connection': 'keep-alive', 'Server': 'gunicorn/19.9.0', 'Access-Control-Allow-Origin': '*', 'Access-Control-Allow-Credentials': 'true'} 
 body={
  "args": {}, 
  "data": "", 
  "files": {}, 
  "form": {
    "Age": "36", 
    "FavAnimal": "Dog", 
    "FirstName": "John", 
    "LastName": "Jones"
  }, 
  "headers": {
    "Accept": "*/*", 
    "Accept-Encoding": "gzip, deflate", 
    "Content-Length": "50", 
    "Content-Type": "application/x-www-form-urlencoded", 
    "Host": "httpbin.org", 
    "User-Agent": "python-requests/2.31.0", 
    "X-Amzn-Trace-Id": "Root=1-65775fee-59352c704a235e9b1a339295"
  }, 
  "json": null, 
  "origin": "84.248.6.15", 
  "url": "http://httpbin.org/post"
}
 
 </msg>
<msg timestamp="20231211 21:15:57.557" level="INFO">${response} = &lt;Response [200]&gt;</msg>
<status status="PASS" starttime="20231211 21:15:57.309" endtime="20231211 21:15:57.557"/>
</kw>
<kw name="Should Be Equal As Strings" library="BuiltIn">
<arg>${response.status_code}</arg>
<arg>200</arg>
<doc>Fails if objects are unequal after converting them to strings.</doc>
<msg timestamp="20231211 21:15:57.558" level="INFO">Argument types are:
&lt;class 'int'&gt;
&lt;class 'str'&gt;</msg>
<status status="PASS" starttime="20231211 21:15:57.558" endtime="20231211 21:15:57.558"/>
</kw>
<doc>Send body via POST-call and validate status code 200</doc>
<status status="PASS" starttime="20231211 21:15:57.309" endtime="20231211 21:15:57.558"/>
</test>
<test id="s1-s1-t3" name="Validate PUT" line="31">
<kw name="Create Dictionary" library="BuiltIn">
<var>${body}</var>
<arg>FirstName=${FIRST_NAME}</arg>
<arg>LastName=${LAST_NAME}</arg>
<arg>Age=${AGE}</arg>
<arg>FavAnimal=${FAV_ANIMAL}</arg>
<doc>Creates and returns a dictionary based on the given ``items``.</doc>
<msg timestamp="20231211 21:15:57.559" level="INFO">${body} = {'FirstName': 'John', 'LastName': 'Jones', 'Age': '36', 'FavAnimal': 'Dog'}</msg>
<status status="PASS" starttime="20231211 21:15:57.559" endtime="20231211 21:15:57.559"/>
</kw>
<kw name="PUT" library="RequestsLibrary">
<var>${response}</var>
<arg>http://httpbin.org/put</arg>
<arg>${body}</arg>
<doc>Sends a PUT request.</doc>
<msg timestamp="20231211 21:15:57.788" level="INFO">PUT Request : url=http://httpbin.org/put 
 path_url=/put 
 headers={'User-Agent': 'python-requests/2.31.0', 'Accept-Encoding': 'gzip, deflate', 'Accept': '*/*', 'Connection': 'keep-alive', 'Content-Length': '50', 'Content-Type': 'application/x-www-form-urlencoded'} 
 body=FirstName=John&amp;LastName=Jones&amp;Age=36&amp;FavAnimal=Dog 
 </msg>
<msg timestamp="20231211 21:15:57.788" level="INFO">PUT Response : url=http://httpbin.org/put 
 status=200, reason=OK 
 headers={'Date': 'Mon, 11 Dec 2023 19:15:58 GMT', 'Content-Type': 'application/json', 'Content-Length': '550', 'Connection': 'keep-alive', 'Server': 'gunicorn/19.9.0', 'Access-Control-Allow-Origin': '*', 'Access-Control-Allow-Credentials': 'true'} 
 body={
  "args": {}, 
  "data": "", 
  "files": {}, 
  "form": {
    "Age": "36", 
    "FavAnimal": "Dog", 
    "FirstName": "John", 
    "LastName": "Jones"
  }, 
  "headers": {
    "Accept": "*/*", 
    "Accept-Encoding": "gzip, deflate", 
    "Content-Length": "50", 
    "Content-Type": "application/x-www-form-urlencoded", 
    "Host": "httpbin.org", 
    "User-Agent": "python-requests/2.31.0", 
    "X-Amzn-Trace-Id": "Root=1-65775fee-79cef7fb2a7b40ac29554844"
  }, 
  "json": null, 
  "origin": "84.248.6.15", 
  "url": "http://httpbin.org/put"
}
 
 </msg>
<msg timestamp="20231211 21:15:57.789" level="INFO">${response} = &lt;Response [200]&gt;</msg>
<status status="PASS" starttime="20231211 21:15:57.559" endtime="20231211 21:15:57.789"/>
</kw>
<kw name="Should Be Equal As Strings" library="BuiltIn">
<arg>${response.status_code}</arg>
<arg>200</arg>
<doc>Fails if objects are unequal after converting them to strings.</doc>
<msg timestamp="20231211 21:15:57.789" level="INFO">Argument types are:
&lt;class 'int'&gt;
&lt;class 'str'&gt;</msg>
<status status="PASS" starttime="20231211 21:15:57.789" endtime="20231211 21:15:57.789"/>
</kw>
<doc>Send body via PUT-call and validate status code 200</doc>
<status status="PASS" starttime="20231211 21:15:57.559" endtime="20231211 21:15:57.790"/>
</test>
<test id="s1-s1-t4" name="Validate DELETE" line="40">
<kw name="DELETE" library="RequestsLibrary">
<var>${response}</var>
<arg>http://httpbin.org/delete</arg>
<doc>Sends a DELETE request.</doc>
<msg timestamp="20231211 21:15:58.035" level="INFO">DELETE Request : url=http://httpbin.org/delete 
 path_url=/delete 
 headers={'User-Agent': 'python-requests/2.31.0', 'Accept-Encoding': 'gzip, deflate', 'Accept': '*/*', 'Connection': 'keep-alive', 'Content-Length': '0'} 
 body=None 
 </msg>
<msg timestamp="20231211 21:15:58.035" level="INFO">DELETE Response : url=http://httpbin.org/delete 
 status=200, reason=OK 
 headers={'Date': 'Mon, 11 Dec 2023 19:15:59 GMT', 'Content-Type': 'application/json', 'Content-Length': '398', 'Connection': 'keep-alive', 'Server': 'gunicorn/19.9.0', 'Access-Control-Allow-Origin': '*', 'Access-Control-Allow-Credentials': 'true'} 
 body={
  "args": {}, 
  "data": "", 
  "files": {}, 
  "form": {}, 
  "headers": {
    "Accept": "*/*", 
    "Accept-Encoding": "gzip, deflate", 
    "Content-Length": "0", 
    "Host": "httpbin.org", 
    "User-Agent": "python-requests/2.31.0", 
    "X-Amzn-Trace-Id": "Root=1-65775fef-10c165aa58bbecc26ac9314b"
  }, 
  "json": null, 
  "origin": "84.248.6.15", 
  "url": "http://httpbin.org/delete"
}
 
 </msg>
<msg timestamp="20231211 21:15:58.035" level="INFO">${response} = &lt;Response [200]&gt;</msg>
<status status="PASS" starttime="20231211 21:15:57.790" endtime="20231211 21:15:58.035"/>
</kw>
<kw name="Should Be Equal As Strings" library="BuiltIn">
<arg>${response.status_code}</arg>
<arg>200</arg>
<doc>Fails if objects are unequal after converting them to strings.</doc>
<msg timestamp="20231211 21:15:58.036" level="INFO">Argument types are:
&lt;class 'int'&gt;
&lt;class 'str'&gt;</msg>
<status status="PASS" starttime="20231211 21:15:58.036" endtime="20231211 21:15:58.036"/>
</kw>
<kw name="Log" library="BuiltIn">
<arg>${response.status_code}</arg>
<doc>Logs the given message with the given level.</doc>
<msg timestamp="20231211 21:15:58.037" level="INFO">200</msg>
<status status="PASS" starttime="20231211 21:15:58.036" endtime="20231211 21:15:58.037"/>
</kw>
<kw name="Log" library="BuiltIn">
<arg>${response.content}</arg>
<doc>Logs the given message with the given level.</doc>
<msg timestamp="20231211 21:15:58.037" level="INFO">{
  "args": {}, 
  "data": "", 
  "files": {}, 
  "form": {}, 
  "headers": {
    "Accept": "*/*", 
    "Accept-Encoding": "gzip, deflate", 
    "Content-Length": "0", 
    "Host": "httpbin.org", 
    "User-Agent": "python-requests/2.31.0", 
    "X-Amzn-Trace-Id": "Root=1-65775fef-10c165aa58bbecc26ac9314b"
  }, 
  "json": null, 
  "origin": "84.248.6.15", 
  "url": "http://httpbin.org/delete"
}
</msg>
<status status="PASS" starttime="20231211 21:15:58.037" endtime="20231211 21:15:58.037"/>
</kw>
<doc>Send a DELETE-call and validate status code 200</doc>
<status status="PASS" starttime="20231211 21:15:57.790" endtime="20231211 21:15:58.037"/>
</test>
<test id="s1-s1-t5" name="Validate PATCH" line="48">
<kw name="Create Dictionary" library="BuiltIn">
<var>${body}</var>
<arg>FirstName=${FIRST_NAME}</arg>
<arg>LastName=${LAST_NAME}</arg>
<arg>Age=${AGE}</arg>
<arg>FavAnimal=${FAV_ANIMAL}</arg>
<doc>Creates and returns a dictionary based on the given ``items``.</doc>
<msg timestamp="20231211 21:15:58.039" level="INFO">${body} = {'FirstName': 'John', 'LastName': 'Jones', 'Age': '36', 'FavAnimal': 'Dog'}</msg>
<status status="PASS" starttime="20231211 21:15:58.039" endtime="20231211 21:15:58.039"/>
</kw>
<kw name="PATCH" library="RequestsLibrary">
<var>${response}</var>
<arg>https://httpbin.org/patch</arg>
<arg>${body}</arg>
<doc>Sends a PUT request.</doc>
<msg timestamp="20231211 21:15:58.888" level="INFO">PATCH Request : url=https://httpbin.org/patch 
 path_url=/patch 
 headers={'User-Agent': 'python-requests/2.31.0', 'Accept-Encoding': 'gzip, deflate', 'Accept': '*/*', 'Connection': 'keep-alive', 'Content-Length': '50', 'Content-Type': 'application/x-www-form-urlencoded'} 
 body=FirstName=John&amp;LastName=Jones&amp;Age=36&amp;FavAnimal=Dog 
 </msg>
<msg timestamp="20231211 21:15:58.888" level="INFO">PATCH Response : url=https://httpbin.org/patch 
 status=200, reason=OK 
 headers={'Date': 'Mon, 11 Dec 2023 19:15:59 GMT', 'Content-Type': 'application/json', 'Content-Length': '553', 'Connection': 'keep-alive', 'Server': 'gunicorn/19.9.0', 'Access-Control-Allow-Origin': '*', 'Access-Control-Allow-Credentials': 'true'} 
 body={
  "args": {}, 
  "data": "", 
  "files": {}, 
  "form": {
    "Age": "36", 
    "FavAnimal": "Dog", 
    "FirstName": "John", 
    "LastName": "Jones"
  }, 
  "headers": {
    "Accept": "*/*", 
    "Accept-Encoding": "gzip, deflate", 
    "Content-Length": "50", 
    "Content-Type": "application/x-www-form-urlencoded", 
    "Host": "httpbin.org", 
    "User-Agent": "python-requests/2.31.0", 
    "X-Amzn-Trace-Id": "Root=1-65775fef-2d7bf7ca3331bd1a38b47299"
  }, 
  "json": null, 
  "origin": "84.248.6.15", 
  "url": "https://httpbin.org/patch"
}
 
 </msg>
<msg timestamp="20231211 21:15:58.888" level="INFO">${response} = &lt;Response [200]&gt;</msg>
<status status="PASS" starttime="20231211 21:15:58.039" endtime="20231211 21:15:58.888"/>
</kw>
<kw name="Should Be Equal As Strings" library="BuiltIn">
<arg>${response.status_code}</arg>
<arg>200</arg>
<doc>Fails if objects are unequal after converting them to strings.</doc>
<msg timestamp="20231211 21:15:58.889" level="INFO">Argument types are:
&lt;class 'int'&gt;
&lt;class 'str'&gt;</msg>
<status status="PASS" starttime="20231211 21:15:58.889" endtime="20231211 21:15:58.889"/>
</kw>
<doc>Send body via PATCH-call and validate status code 200</doc>
<status status="PASS" starttime="20231211 21:15:58.039" endtime="20231211 21:15:58.890"/>
</test>
<doc>Using the following libraries to perform basic HTTP Methods testing</doc>
<status status="PASS" starttime="20231211 21:15:56.664" endtime="20231211 21:15:58.891"/>
</suite>
<suite id="s1-s2" name="API JSON Parse" source="D:\Code\Portfolio\API_Testing_project\tests\API_JSON_Parse.robot">
<test id="s1-s2-t1" name="Parse and Verify JSON Structure" line="16">
<kw name="Create Dictionary" library="BuiltIn">
<var>${body_json}</var>
<arg>body_userId=1</arg>
<arg>body_id=1</arg>
<arg>body_title=sunt aut facere repellat provident occaecati excepturi optio reprehenderit</arg>
<doc>Creates and returns a dictionary based on the given ``items``.</doc>
<msg timestamp="20231211 21:15:58.903" level="INFO">${body_json} = {'body_userId': '1', 'body_id': '1', 'body_title': 'sunt aut facere repellat provident occaecati excepturi optio reprehenderit'}</msg>
<status status="PASS" starttime="20231211 21:15:58.903" endtime="20231211 21:15:58.903"/>
</kw>
<kw name="Get From Dictionary" library="Collections">
<var>${response_userId}</var>
<arg>${body_json}</arg>
<arg>body_userId</arg>
<doc>Returns a value from the given ``dictionary`` based on the given ``key``.</doc>
<msg timestamp="20231211 21:15:58.903" level="INFO">${response_userId} = 1</msg>
<status status="PASS" starttime="20231211 21:15:58.903" endtime="20231211 21:15:58.903"/>
</kw>
<kw name="Get From Dictionary" library="Collections">
<var>${response_id}</var>
<arg>${body_json}</arg>
<arg>body_id</arg>
<doc>Returns a value from the given ``dictionary`` based on the given ``key``.</doc>
<msg timestamp="20231211 21:15:58.903" level="INFO">${response_id} = 1</msg>
<status status="PASS" starttime="20231211 21:15:58.903" endtime="20231211 21:15:58.903"/>
</kw>
<kw name="Get From Dictionary" library="Collections">
<var>${response_title}</var>
<arg>${body_json}</arg>
<arg>body_title</arg>
<doc>Returns a value from the given ``dictionary`` based on the given ``key``.</doc>
<msg timestamp="20231211 21:15:58.904" level="INFO">${response_title} = sunt aut facere repellat provident occaecati excepturi optio reprehenderit</msg>
<status status="PASS" starttime="20231211 21:15:58.903" endtime="20231211 21:15:58.904"/>
</kw>
<kw name="Should Be Equal As Strings" library="BuiltIn">
<arg>${response_userId}</arg>
<arg>${USER_ID}</arg>
<doc>Fails if objects are unequal after converting them to strings.</doc>
<status status="PASS" starttime="20231211 21:15:58.904" endtime="20231211 21:15:58.904"/>
</kw>
<kw name="Should Be Equal As Strings" library="BuiltIn">
<arg>${response_id}</arg>
<arg>${ID}</arg>
<doc>Fails if objects are unequal after converting them to strings.</doc>
<status status="PASS" starttime="20231211 21:15:58.904" endtime="20231211 21:15:58.905"/>
</kw>
<kw name="Should Be Equal As Strings" library="BuiltIn">
<arg>${response_title}</arg>
<arg>${TITLE}</arg>
<doc>Fails if objects are unequal after converting them to strings.</doc>
<status status="PASS" starttime="20231211 21:15:58.905" endtime="20231211 21:15:58.905"/>
</kw>
<doc>Create a JSON and verify the structure</doc>
<status status="PASS" starttime="20231211 21:15:58.902" endtime="20231211 21:15:58.905"/>
</test>
<test id="s1-s2-t2" name="Handle JSON Response from API" line="27">
<kw name="GET" library="RequestsLibrary">
<var>${response}</var>
<arg>https://jsonplaceholder.typicode.com/posts/1</arg>
<doc>Sends a GET request.</doc>
<msg timestamp="20231211 21:16:00.422" level="INFO">GET Request : url=https://jsonplaceholder.typicode.com/posts/1 
 path_url=/posts/1 
 headers={'User-Agent': 'python-requests/2.31.0', 'Accept-Encoding': 'gzip, deflate', 'Accept': '*/*', 'Connection': 'keep-alive'} 
 body=None 
 </msg>
<msg timestamp="20231211 21:16:00.422" level="INFO">GET Response : url=https://jsonplaceholder.typicode.com/posts/1 
 status=200, reason=OK 
 headers={'Date': 'Mon, 11 Dec 2023 19:16:01 GMT', 'Content-Type': 'application/json; charset=utf-8', 'Transfer-Encoding': 'chunked', 'Connection': 'keep-alive', 'Report-To': '{"group":"heroku-nel","max_age":3600,"endpoints":[{"url":"https://nel.heroku.com/reports?ts=1702065707&amp;sid=e11707d5-02a7-43ef-b45e-2cf4d2036f7d&amp;s=5p2du2K26T%2By%2BFKpjrb7bOdQXSy6%2BlhHPDAS3LrHfUs%3D"}]}', 'Reporting-Endpoints': 'heroku-nel=https://nel.heroku.com/reports?ts=1702065707&amp;sid=e11707d5-02a7-43ef-b45e-2cf4d2036f7d&amp;s=5p2du2K26T%2By%2BFKpjrb7bOdQXSy6%2BlhHPDAS3LrHfUs%3D', 'Nel': '{"report_to":"heroku-nel","max_age":3600,"success_fraction":0.005,"failure_fraction":0.05,"response_headers":["Via"]}', 'X-Powered-By': 'Express', 'X-Ratelimit-Limit': '1000', 'X-Ratelimit-Remaining': '999', 'X-Ratelimit-Reset': '1702065746', 'Vary': 'Origin, Accept-Encoding', 'Access-Control-Allow-Credentials': 'true', 'Cache-Control': 'max-age=43200', 'Pragma': 'no-cache', 'Expires': '-1', 'X-Content-Type-Options': 'nosniff', 'Etag': 'W/"124-yiKdLzqO5gfBrJFrcdJ8Yq0LGnU"', 'Via': '1.1 vegur', 'CF-Cache-Status': 'HIT', 'Age': '15217', 'Server': 'cloudflare', 'CF-RAY': '83400f44fddc0a2b-ARN', 'Content-Encoding': 'gzip', 'alt-svc': 'h3=":443"; ma=86400'} 
 body={
  "userId": 1,
  "id": 1,
  "title": "sunt aut facere repellat provident occaecati excepturi optio reprehenderit",
  "body": "quia et suscipit\nsuscipit recusandae consequuntur expedita et cum\nreprehenderit molestiae ut ut quas totam\nnostrum rerum est autem sunt rem eveniet architecto"
} 
 </msg>
<msg timestamp="20231211 21:16:00.423" level="INFO">${response} = &lt;Response [200]&gt;</msg>
<status status="PASS" starttime="20231211 21:15:58.907" endtime="20231211 21:16:00.423"/>
</kw>
<kw name="Set Variable" library="BuiltIn">
<var>${body_json}</var>
<arg>${response.json()}</arg>
<doc>Returns the given values which can then be assigned to a variables.</doc>
<msg timestamp="20231211 21:16:00.424" level="INFO">${body_json} = {'userId': 1, 'id': 1, 'title': 'sunt aut facere repellat provident occaecati excepturi optio reprehenderit', 'body': 'quia et suscipit\nsuscipit recusandae consequuntur expedita et cum\nreprehenderit...</msg>
<status status="PASS" starttime="20231211 21:16:00.424" endtime="20231211 21:16:00.424"/>
</kw>
<kw name="Get From Dictionary" library="Collections">
<var>${response_userId}</var>
<arg>${body_json}</arg>
<arg>userId</arg>
<doc>Returns a value from the given ``dictionary`` based on the given ``key``.</doc>
<msg timestamp="20231211 21:16:00.425" level="INFO">${response_userId} = 1</msg>
<status status="PASS" starttime="20231211 21:16:00.424" endtime="20231211 21:16:00.425"/>
</kw>
<kw name="Get From Dictionary" library="Collections">
<var>${response_id}</var>
<arg>${body_json}</arg>
<arg>id</arg>
<doc>Returns a value from the given ``dictionary`` based on the given ``key``.</doc>
<msg timestamp="20231211 21:16:00.425" level="INFO">${response_id} = 1</msg>
<status status="PASS" starttime="20231211 21:16:00.425" endtime="20231211 21:16:00.425"/>
</kw>
<kw name="Get From Dictionary" library="Collections">
<var>${response_title}</var>
<arg>${body_json}</arg>
<arg>title</arg>
<doc>Returns a value from the given ``dictionary`` based on the given ``key``.</doc>
<msg timestamp="20231211 21:16:00.425" level="INFO">${response_title} = sunt aut facere repellat provident occaecati excepturi optio reprehenderit</msg>
<status status="PASS" starttime="20231211 21:16:00.425" endtime="20231211 21:16:00.425"/>
</kw>
<kw name="Should Be Equal As Strings" library="BuiltIn">
<arg>${response_userId}</arg>
<arg>${USER_ID}</arg>
<doc>Fails if objects are unequal after converting them to strings.</doc>
<msg timestamp="20231211 21:16:00.426" level="INFO">Argument types are:
&lt;class 'int'&gt;
&lt;class 'str'&gt;</msg>
<status status="PASS" starttime="20231211 21:16:00.426" endtime="20231211 21:16:00.426"/>
</kw>
<kw name="Should Be Equal As Strings" library="BuiltIn">
<arg>${response_id}</arg>
<arg>${ID}</arg>
<doc>Fails if objects are unequal after converting them to strings.</doc>
<msg timestamp="20231211 21:16:00.426" level="INFO">Argument types are:
&lt;class 'int'&gt;
&lt;class 'str'&gt;</msg>
<status status="PASS" starttime="20231211 21:16:00.426" endtime="20231211 21:16:00.426"/>
</kw>
<kw name="Should Be Equal As Strings" library="BuiltIn">
<arg>${response_title}</arg>
<arg>${TITLE}</arg>
<doc>Fails if objects are unequal after converting them to strings.</doc>
<status status="PASS" starttime="20231211 21:16:00.426" endtime="20231211 21:16:00.427"/>
</kw>
<doc>Send a request to an API, receive a JSON response, and parse it</doc>
<status status="PASS" starttime="20231211 21:15:58.906" endtime="20231211 21:16:00.427"/>
</test>
<test id="s1-s2-t3" name="Display Last JSON Of List" line="39">
<kw name="GET" library="RequestsLibrary">
<var>${response}</var>
<arg>https://jsonplaceholder.typicode.com/posts</arg>
<doc>Sends a GET request.</doc>
<msg timestamp="20231211 21:16:01.993" level="INFO">GET Request : url=https://jsonplaceholder.typicode.com/posts 
 path_url=/posts 
 headers={'User-Agent': 'python-requests/2.31.0', 'Accept-Encoding': 'gzip, deflate', 'Accept': '*/*', 'Connection': 'keep-alive'} 
 body=None 
 </msg>
<msg timestamp="20231211 21:16:01.994" level="INFO">GET Response : url=https://jsonplaceholder.typicode.com/posts 
 status=200, reason=OK 
 headers={'Date': 'Mon, 11 Dec 2023 19:16:03 GMT', 'Content-Type': 'application/json; charset=utf-8', 'Transfer-Encoding': 'chunked', 'Connection': 'keep-alive', 'Report-To': '{"group":"heroku-nel","max_age":3600,"endpoints":[{"url":"https://nel.heroku.com/reports?ts=1701438527&amp;sid=e11707d5-02a7-43ef-b45e-2cf4d2036f7d&amp;s=qK0VYbsybtr0lovDzluNwUaEBVnbzlhSDBy0MUO5h6o%3D"}]}', 'Reporting-Endpoints': 'heroku-nel=https://nel.heroku.com/reports?ts=1701438527&amp;sid=e11707d5-02a7-43ef-b45e-2cf4d2036f7d&amp;s=qK0VYbsybtr0lovDzluNwUaEBVnbzlhSDBy0MUO5h6o%3D', 'Nel': '{"report_to":"heroku-nel","max_age":3600,"success_fraction":0.005,"failure_fraction":0.05,"response_headers":["Via"]}', 'X-Powered-By': 'Express', 'X-Ratelimit-Limit': '1000', 'X-Ratelimit-Remaining': '999', 'X-Ratelimit-Reset': '1701438569', 'Vary': 'Origin, Accept-Encoding', 'Access-Control-Allow-Credentials': 'true', 'Cache-Control': 'max-age=43200', 'Pragma': 'no-cache', 'Expires': '-1', 'X-Content-Type-Options': 'nosniff', 'Etag': 'W/"6b80-Ybsq/K6GwwqrYkAsFxqDXGC7DoM"', 'Content-Encoding': 'gzip', 'Via': '1.1 vegur', 'CF-Cache-Status': 'HIT', 'Age': '19140', 'Server': 'cloudflare', 'CF-RAY': '83400f4eaa060a2d-ARN', 'alt-svc': 'h3=":443"; ma=86400'} 
 body=[
  {
    "userId": 1,
    "id": 1,
    "title": "sunt aut facere repellat provident occaecati excepturi optio reprehenderit",
    "body": "quia et suscipit\nsuscipit recusandae consequuntur expedita et cum\nreprehenderit molestiae ut ut quas totam\nnostrum rerum est autem sunt rem eveniet architecto"
  },
  {
    "userId": 1,
    "id": 2,
    "title": "qui est esse",
    "body": "est rerum tempore vitae\nsequi sint nihil reprehenderit dolor beatae ea dolores neque\nfugiat blanditiis voluptate porro vel nihil molestiae ut reiciendis\nqui aperiam non debitis possimus qui neque nisi nulla"
  },
  {
    "userId": 1,
    "id": 3,
    "title": "ea molestias quasi exercitationem repellat qui ipsa sit aut",
    "body": "et iusto sed quo iure\nvoluptatem occaecati omnis eligendi aut ad\nvoluptatem doloribus vel accusantium quis pariatur\nmolestiae porro eius odio et labore et velit aut"
  },
  {
    "userId": 1,
    "id": 4,
    "title": "eum et est occaecati",
    "body": "ullam et saepe reiciendis voluptatem adipisci\nsit amet autem assumenda provident rerum culpa\nquis hic commodi nesciunt rem tenetur doloremque ipsam iure\nquis sunt voluptatem rerum illo velit"
  },
  {
    "userId": 1,
    "id": 5,
    "title": "nesciunt quas odio",
    "body": "repudiandae veniam quaerat sunt sed\nalias aut fugiat sit autem sed est\nvoluptatem omnis possimus esse voluptatibus quis\nest aut tenetur dolor neque"
  },
  {
    "userId": 1,
    "id": 6,
    "title": "dolorem eum magni eos aperiam quia",
    "body": "ut aspernatur corporis harum nihil quis provident sequi\nmollitia nobis aliquid molestiae\nperspiciatis et ea nemo ab reprehenderit accusantium quas\nvoluptate dolores velit et doloremque molestiae"
  },
  {
    "userId": 1,
    "id": 7,
    "title": "magnam facilis autem",
    "body": "dolore placeat quibusdam ea quo vitae\nmagni quis enim qui quis quo nemo aut saepe\nquidem repellat excepturi ut quia\nsunt ut sequi eos ea sed quas"
  },
  {
    "userId": 1,
    "id": 8,
    "title": "dolorem dolore est ipsam",
    "body": "dignissimos aperiam dolorem qui eum\nfacilis quibusdam animi sint suscipit qui sint possimus cum\nquaerat magni maiores excepturi\nipsam ut commodi dolor voluptatum modi aut vitae"
  },
  {
    "userId": 1,
    "id": 9,
    "title": "nesciunt iure omnis dolorem tempora et accusantium",
    "body": "consectetur animi nesciunt iure dolore\nenim quia ad\nveniam autem ut quam aut nobis\net est aut quod aut provident voluptas autem voluptas"
  },
  {
    "userId": 1,
    "id": 10,
    "title": "optio molestias id quia eum",
    "body": "quo et expedita modi cum officia vel magni\ndoloribus qui repudiandae\nvero nisi sit\nquos veniam quod sed accusamus veritatis error"
  },
  {
    "userId": 2,
    "id": 11,
    "title": "et ea vero quia laudantium autem",
    "body": "delectus reiciendis molestiae occaecati non minima eveniet qui voluptatibus\naccusamus in eum beatae sit\nvel qui neque voluptates ut commodi qui incidunt\nut animi commodi"
  },
  {
    "userId": 2,
    "id": 12,
    "title": "in quibusdam tempore odit est dolorem",
    "body": "itaque id aut magnam\npraesentium quia et ea odit et ea voluptas et\nsapiente quia nihil amet occaecati quia id voluptatem\nincidunt ea est distinctio odio"
  },
  {
    "userId": 2,
    "id": 13,
    "title": "dolorum ut in voluptas mollitia et saepe quo animi",
    "body": "aut dicta possimus sint mollitia voluptas commodi quo doloremque\niste corrupti reiciendis voluptatem eius rerum\nsit cumque quod eligendi laborum minima\nperferendis recusandae assumenda consectetur porro architecto ipsum ipsam"
  },
  {
    "userId": 2,
    "id": 14,
    "title": "voluptatem eligendi optio",
    "body": "fuga et accusamus dolorum perferendis illo voluptas\nnon doloremque neque facere\nad qui dolorum molestiae beatae\nsed aut voluptas totam sit illum"
  },
  {
    "userId": 2,
    "id": 15,
    "title": "eveniet quod temporibus",
    "body": "reprehenderit quos placeat\nvelit minima officia dolores impedit repudiandae molestiae nam\nvoluptas recusandae quis delectus\nofficiis harum fugiat vitae"
  },
  {
    "userId": 2,
    "id": 16,
    "title": "sint suscipit perspiciatis velit dolorum rerum ipsa laboriosam odio",
    "body": "suscipit nam nisi quo aperiam aut\nasperiores eos fugit maiores voluptatibus quia\nvoluptatem quis ullam qui in alias quia est\nconsequatur magni mollitia accusamus ea nisi voluptate dicta"
  },
  {
    "userId": 2,
    "id": 17,
    "title": "fugit voluptas sed molestias voluptatem provident",
    "body": "eos voluptas et aut odit natus earum\naspernatur fuga molestiae ullam\ndeserunt ratione qui eos\nqui nihil ratione nemo velit ut aut id quo"
  },
  {
    "userId": 2,
    "id": 18,
    "title": "voluptate et itaque vero tempora molestiae",
    "body": "eveniet quo quis\nlaborum totam consequatur non dolor\nut et est repudiandae\nest voluptatem vel debitis et magnam"
  },
  {
    "userId": 2,
    "id": 19,
    "title": "adipisci placeat illum aut reiciendis qui",
    "body": "illum quis cupiditate provident sit magnam\nea sed aut omnis\nveniam maiores ullam consequatur atque\nadipisci quo iste expedita sit quos voluptas"
  },
  {
    "userId": 2,
    "id": 20,
    "title": "doloribus ad provident suscipit at",
    "body": "qui consequuntur ducimus possimus quisquam amet similique\nsuscipit porro ipsam amet\neos veritatis officiis exercitationem vel fugit aut necessitatibus totam\nomnis rerum consequatur expedita quidem cumque explicabo"
  },
  {
    "userId": 3,
    "id": 21,
    "title": "asperiores ea ipsam voluptatibus modi minima quia sint",
    "body": "repellat aliquid praesentium dolorem quo\nsed totam minus non itaque\nnihil labore molestiae sunt dolor eveniet hic recusandae veniam\ntempora et tenetur expedita sunt"
  },
  {
    "userId": 3,
    "id": 22,
    "title": "dolor sint quo a velit explicabo quia nam",
    "body": "eos qui et ipsum ipsam suscipit aut\nsed omnis non odio\nexpedita earum mollitia molestiae aut atque rem suscipit\nnam impedit esse"
  },
  {
    "userId": 3,
    "id": 23,
    "title": "maxime id vitae nihil numquam",
    "body": "veritatis unde neque eligendi\nquae quod architecto quo neque vitae\nest illo sit tempora doloremque fugit quod\net et vel beatae sequi ullam sed tenetur perspiciatis"
  },
  {
    "userId": 3,
    "id": 24,
    "title": "autem hic labore sunt dolores incidunt",
    "body": "enim et ex nulla\nomnis voluptas quia qui\nvoluptatem consequatur numquam aliquam sunt\ntotam recusandae id dignissimos aut sed asperiores deserunt"
  },
  {
    "userId": 3,
    "id": 25,
    "title": "rem alias distinctio quo quis",
    "body": "ullam consequatur ut\nomnis quis sit vel consequuntur\nipsa eligendi ipsum molestiae et omnis error nostrum\nmolestiae illo tempore quia et distinctio"
  },
  {
    "userId": 3,
    "id": 26,
    "title": "est et quae odit qui non",
    "body": "similique esse doloribus nihil accusamus\nomnis dolorem fuga consequuntur reprehenderit fugit recusandae temporibus\nperspiciatis cum ut laudantium\nomnis aut molestiae vel vero"
  },
  {
    "userId": 3,
    "id": 27,
    "title": "quasi id et eos tenetur aut quo autem",
    "body": "eum sed dolores ipsam sint possimus debitis occaecati\ndebitis qui qui et\nut placeat enim earum aut odit facilis\nconsequatur suscipit necessitatibus rerum sed inventore temporibus consequatur"
  },
  {
    "userId": 3,
    "id": 28,
    "title": "delectus ullam et corporis nulla voluptas sequi",
    "body": "non et quaerat ex quae ad maiores\nmaiores recusandae totam aut blanditiis mollitia quas illo\nut voluptatibus voluptatem\nsimilique nostrum eum"
  },
  {
    "userId": 3,
    "id": 29,
    "title": "iusto eius quod necessitatibus culpa ea",
    "body": "odit magnam ut saepe sed non qui\ntempora atque nihil\naccusamus illum doloribus illo dolor\neligendi repudiandae odit magni similique sed cum maiores"
  },
  {
    "userId": 3,
    "id": 30,
    "title": "a quo magni similique perferendis",
    "body": "alias dolor cumque\nimpedit blanditiis non eveniet odio maxime\nblanditiis amet eius quis tempora quia autem rem\na provident perspiciatis quia"
  },
  {
    "userId": 4,
    "id": 31,
    "title": "ullam ut quidem id aut vel consequuntur",
    "body": "debitis eius sed quibusdam non quis consectetur vitae\nimpedit ut qui consequatur sed aut in\nquidem sit nostrum et maiores adipisci atque\nquaerat voluptatem adipisci repudiandae"
  },
  {
    "userId": 4,
    "id": 32,
    "title": "doloremque illum aliquid sunt",
    "body": "deserunt eos nobis asperiores et hic\nest debitis repellat molestiae optio\nnihil ratione ut eos beatae quibusdam distinctio maiores\nearum voluptates et aut adipisci ea maiores voluptas maxime"
  },
  {
    "userId": 4,
    "id": 33,
    "title": "qui explicabo molestiae dolorem",
    "body": "rerum ut et numquam laborum odit est sit\nid qui sint in\nquasi tenetur tempore aperiam et quaerat qui in\nrerum officiis sequi cumque quod"
  },
  {
    "userId": 4,
    "id": 34,
    "title": "magnam ut rerum iure",
    "body": "ea velit perferendis earum ut voluptatem voluptate itaque iusto\ntotam pariatur in\nnemo voluptatem voluptatem autem magni tempora minima in\nest distinctio qui assumenda accusamus dignissimos officia nesciunt nobis"
  },
  {
    "userId": 4,
    "id": 35,
    "title": "id nihil consequatur molestias animi provident",
    "body": "nisi error delectus possimus ut eligendi vitae\nplaceat eos harum cupiditate facilis reprehenderit voluptatem beatae\nmodi ducimus quo illum voluptas eligendi\net nobis quia fugit"
  },
  {
    "userId": 4,
    "id": 36,
    "title": "fuga nam accusamus voluptas reiciendis itaque",
    "body": "ad mollitia et omnis minus architecto odit\nvoluptas doloremque maxime aut non ipsa qui alias veniam\nblanditiis culpa aut quia nihil cumque facere et occaecati\nqui aspernatur quia eaque ut aperiam inventore"
  },
  {
    "userId": 4,
    "id": 37,
    "title": "provident vel ut sit ratione est... (set the log level to DEBUG or TRACE to see the full content) 
 </msg>
<msg timestamp="20231211 21:16:01.994" level="INFO">${response} = &lt;Response [200]&gt;</msg>
<status status="PASS" starttime="20231211 21:16:00.429" endtime="20231211 21:16:01.994"/>
</kw>
<kw name="Set Variable" library="BuiltIn">
<var>${body}</var>
<arg>${response.json()}</arg>
<doc>Returns the given values which can then be assigned to a variables.</doc>
<msg timestamp="20231211 21:16:01.995" level="INFO">${body} = [{'userId': 1, 'id': 1, 'title': 'sunt aut facere repellat provident occaecati excepturi optio reprehenderit', 'body': 'quia et suscipit\nsuscipit recusandae consequuntur expedita et cum\nreprehenderi...</msg>
<status status="PASS" starttime="20231211 21:16:01.994" endtime="20231211 21:16:01.995"/>
</kw>
<kw name="Set Variable" library="BuiltIn">
<var>${last_element}</var>
<arg>${body}[-1]</arg>
<doc>Returns the given values which can then be assigned to a variables.</doc>
<msg timestamp="20231211 21:16:01.996" level="INFO">${last_element} = {'userId': 10, 'id': 100, 'title': 'at nam consequatur ea labore ea harum', 'body': 'cupiditate quo est a modi nesciunt soluta\nipsa voluptas error itaque dicta in\nautem qui minus magnam et distincti...</msg>
<status status="PASS" starttime="20231211 21:16:01.995" endtime="20231211 21:16:01.996"/>
</kw>
<kw name="Log" library="BuiltIn">
<arg>${last_element}</arg>
<doc>Logs the given message with the given level.</doc>
<msg timestamp="20231211 21:16:01.996" level="INFO">{'userId': 10, 'id': 100, 'title': 'at nam consequatur ea labore ea harum', 'body': 'cupiditate quo est a modi nesciunt soluta\nipsa voluptas error itaque dicta in\nautem qui minus magnam et distinctio eum\naccusamus ratione error aut'}</msg>
<status status="PASS" starttime="20231211 21:16:01.996" endtime="20231211 21:16:01.996"/>
</kw>
<doc>Dynamically display the data of the last JSON entry of the list</doc>
<status status="PASS" starttime="20231211 21:16:00.428" endtime="20231211 21:16:01.996"/>
</test>
<test id="s1-s2-t4" name="Log Every ID From List" line="46">
<kw name="GET" library="RequestsLibrary">
<var>${response}</var>
<arg>https://jsonplaceholder.typicode.com/posts</arg>
<doc>Sends a GET request.</doc>
<msg timestamp="20231211 21:16:02.428" level="INFO">GET Request : url=https://jsonplaceholder.typicode.com/posts 
 path_url=/posts 
 headers={'User-Agent': 'python-requests/2.31.0', 'Accept-Encoding': 'gzip, deflate', 'Accept': '*/*', 'Connection': 'keep-alive'} 
 body=None 
 </msg>
<msg timestamp="20231211 21:16:02.428" level="INFO">GET Response : url=https://jsonplaceholder.typicode.com/posts 
 status=200, reason=OK 
 headers={'Date': 'Mon, 11 Dec 2023 19:16:03 GMT', 'Content-Type': 'application/json; charset=utf-8', 'Transfer-Encoding': 'chunked', 'Connection': 'keep-alive', 'Report-To': '{"group":"heroku-nel","max_age":3600,"endpoints":[{"url":"https://nel.heroku.com/reports?ts=1701438527&amp;sid=e11707d5-02a7-43ef-b45e-2cf4d2036f7d&amp;s=qK0VYbsybtr0lovDzluNwUaEBVnbzlhSDBy0MUO5h6o%3D"}]}', 'Reporting-Endpoints': 'heroku-nel=https://nel.heroku.com/reports?ts=1701438527&amp;sid=e11707d5-02a7-43ef-b45e-2cf4d2036f7d&amp;s=qK0VYbsybtr0lovDzluNwUaEBVnbzlhSDBy0MUO5h6o%3D', 'Nel': '{"report_to":"heroku-nel","max_age":3600,"success_fraction":0.005,"failure_fraction":0.05,"response_headers":["Via"]}', 'X-Powered-By': 'Express', 'X-Ratelimit-Limit': '1000', 'X-Ratelimit-Remaining': '999', 'X-Ratelimit-Reset': '1701438569', 'Vary': 'Origin, Accept-Encoding', 'Access-Control-Allow-Credentials': 'true', 'Cache-Control': 'max-age=43200', 'Pragma': 'no-cache', 'Expires': '-1', 'X-Content-Type-Options': 'nosniff', 'Etag': 'W/"6b80-Ybsq/K6GwwqrYkAsFxqDXGC7DoM"', 'Content-Encoding': 'gzip', 'Via': '1.1 vegur', 'CF-Cache-Status': 'HIT', 'Age': '19140', 'Server': 'cloudflare', 'CF-RAY': '83400f519aab15ec-ARN', 'alt-svc': 'h3=":443"; ma=86400'} 
 body=[
  {
    "userId": 1,
    "id": 1,
    "title": "sunt aut facere repellat provident occaecati excepturi optio reprehenderit",
    "body": "quia et suscipit\nsuscipit recusandae consequuntur expedita et cum\nreprehenderit molestiae ut ut quas totam\nnostrum rerum est autem sunt rem eveniet architecto"
  },
  {
    "userId": 1,
    "id": 2,
    "title": "qui est esse",
    "body": "est rerum tempore vitae\nsequi sint nihil reprehenderit dolor beatae ea dolores neque\nfugiat blanditiis voluptate porro vel nihil molestiae ut reiciendis\nqui aperiam non debitis possimus qui neque nisi nulla"
  },
  {
    "userId": 1,
    "id": 3,
    "title": "ea molestias quasi exercitationem repellat qui ipsa sit aut",
    "body": "et iusto sed quo iure\nvoluptatem occaecati omnis eligendi aut ad\nvoluptatem doloribus vel accusantium quis pariatur\nmolestiae porro eius odio et labore et velit aut"
  },
  {
    "userId": 1,
    "id": 4,
    "title": "eum et est occaecati",
    "body": "ullam et saepe reiciendis voluptatem adipisci\nsit amet autem assumenda provident rerum culpa\nquis hic commodi nesciunt rem tenetur doloremque ipsam iure\nquis sunt voluptatem rerum illo velit"
  },
  {
    "userId": 1,
    "id": 5,
    "title": "nesciunt quas odio",
    "body": "repudiandae veniam quaerat sunt sed\nalias aut fugiat sit autem sed est\nvoluptatem omnis possimus esse voluptatibus quis\nest aut tenetur dolor neque"
  },
  {
    "userId": 1,
    "id": 6,
    "title": "dolorem eum magni eos aperiam quia",
    "body": "ut aspernatur corporis harum nihil quis provident sequi\nmollitia nobis aliquid molestiae\nperspiciatis et ea nemo ab reprehenderit accusantium quas\nvoluptate dolores velit et doloremque molestiae"
  },
  {
    "userId": 1,
    "id": 7,
    "title": "magnam facilis autem",
    "body": "dolore placeat quibusdam ea quo vitae\nmagni quis enim qui quis quo nemo aut saepe\nquidem repellat excepturi ut quia\nsunt ut sequi eos ea sed quas"
  },
  {
    "userId": 1,
    "id": 8,
    "title": "dolorem dolore est ipsam",
    "body": "dignissimos aperiam dolorem qui eum\nfacilis quibusdam animi sint suscipit qui sint possimus cum\nquaerat magni maiores excepturi\nipsam ut commodi dolor voluptatum modi aut vitae"
  },
  {
    "userId": 1,
    "id": 9,
    "title": "nesciunt iure omnis dolorem tempora et accusantium",
    "body": "consectetur animi nesciunt iure dolore\nenim quia ad\nveniam autem ut quam aut nobis\net est aut quod aut provident voluptas autem voluptas"
  },
  {
    "userId": 1,
    "id": 10,
    "title": "optio molestias id quia eum",
    "body": "quo et expedita modi cum officia vel magni\ndoloribus qui repudiandae\nvero nisi sit\nquos veniam quod sed accusamus veritatis error"
  },
  {
    "userId": 2,
    "id": 11,
    "title": "et ea vero quia laudantium autem",
    "body": "delectus reiciendis molestiae occaecati non minima eveniet qui voluptatibus\naccusamus in eum beatae sit\nvel qui neque voluptates ut commodi qui incidunt\nut animi commodi"
  },
  {
    "userId": 2,
    "id": 12,
    "title": "in quibusdam tempore odit est dolorem",
    "body": "itaque id aut magnam\npraesentium quia et ea odit et ea voluptas et\nsapiente quia nihil amet occaecati quia id voluptatem\nincidunt ea est distinctio odio"
  },
  {
    "userId": 2,
    "id": 13,
    "title": "dolorum ut in voluptas mollitia et saepe quo animi",
    "body": "aut dicta possimus sint mollitia voluptas commodi quo doloremque\niste corrupti reiciendis voluptatem eius rerum\nsit cumque quod eligendi laborum minima\nperferendis recusandae assumenda consectetur porro architecto ipsum ipsam"
  },
  {
    "userId": 2,
    "id": 14,
    "title": "voluptatem eligendi optio",
    "body": "fuga et accusamus dolorum perferendis illo voluptas\nnon doloremque neque facere\nad qui dolorum molestiae beatae\nsed aut voluptas totam sit illum"
  },
  {
    "userId": 2,
    "id": 15,
    "title": "eveniet quod temporibus",
    "body": "reprehenderit quos placeat\nvelit minima officia dolores impedit repudiandae molestiae nam\nvoluptas recusandae quis delectus\nofficiis harum fugiat vitae"
  },
  {
    "userId": 2,
    "id": 16,
    "title": "sint suscipit perspiciatis velit dolorum rerum ipsa laboriosam odio",
    "body": "suscipit nam nisi quo aperiam aut\nasperiores eos fugit maiores voluptatibus quia\nvoluptatem quis ullam qui in alias quia est\nconsequatur magni mollitia accusamus ea nisi voluptate dicta"
  },
  {
    "userId": 2,
    "id": 17,
    "title": "fugit voluptas sed molestias voluptatem provident",
    "body": "eos voluptas et aut odit natus earum\naspernatur fuga molestiae ullam\ndeserunt ratione qui eos\nqui nihil ratione nemo velit ut aut id quo"
  },
  {
    "userId": 2,
    "id": 18,
    "title": "voluptate et itaque vero tempora molestiae",
    "body": "eveniet quo quis\nlaborum totam consequatur non dolor\nut et est repudiandae\nest voluptatem vel debitis et magnam"
  },
  {
    "userId": 2,
    "id": 19,
    "title": "adipisci placeat illum aut reiciendis qui",
    "body": "illum quis cupiditate provident sit magnam\nea sed aut omnis\nveniam maiores ullam consequatur atque\nadipisci quo iste expedita sit quos voluptas"
  },
  {
    "userId": 2,
    "id": 20,
    "title": "doloribus ad provident suscipit at",
    "body": "qui consequuntur ducimus possimus quisquam amet similique\nsuscipit porro ipsam amet\neos veritatis officiis exercitationem vel fugit aut necessitatibus totam\nomnis rerum consequatur expedita quidem cumque explicabo"
  },
  {
    "userId": 3,
    "id": 21,
    "title": "asperiores ea ipsam voluptatibus modi minima quia sint",
    "body": "repellat aliquid praesentium dolorem quo\nsed totam minus non itaque\nnihil labore molestiae sunt dolor eveniet hic recusandae veniam\ntempora et tenetur expedita sunt"
  },
  {
    "userId": 3,
    "id": 22,
    "title": "dolor sint quo a velit explicabo quia nam",
    "body": "eos qui et ipsum ipsam suscipit aut\nsed omnis non odio\nexpedita earum mollitia molestiae aut atque rem suscipit\nnam impedit esse"
  },
  {
    "userId": 3,
    "id": 23,
    "title": "maxime id vitae nihil numquam",
    "body": "veritatis unde neque eligendi\nquae quod architecto quo neque vitae\nest illo sit tempora doloremque fugit quod\net et vel beatae sequi ullam sed tenetur perspiciatis"
  },
  {
    "userId": 3,
    "id": 24,
    "title": "autem hic labore sunt dolores incidunt",
    "body": "enim et ex nulla\nomnis voluptas quia qui\nvoluptatem consequatur numquam aliquam sunt\ntotam recusandae id dignissimos aut sed asperiores deserunt"
  },
  {
    "userId": 3,
    "id": 25,
    "title": "rem alias distinctio quo quis",
    "body": "ullam consequatur ut\nomnis quis sit vel consequuntur\nipsa eligendi ipsum molestiae et omnis error nostrum\nmolestiae illo tempore quia et distinctio"
  },
  {
    "userId": 3,
    "id": 26,
    "title": "est et quae odit qui non",
    "body": "similique esse doloribus nihil accusamus\nomnis dolorem fuga consequuntur reprehenderit fugit recusandae temporibus\nperspiciatis cum ut laudantium\nomnis aut molestiae vel vero"
  },
  {
    "userId": 3,
    "id": 27,
    "title": "quasi id et eos tenetur aut quo autem",
    "body": "eum sed dolores ipsam sint possimus debitis occaecati\ndebitis qui qui et\nut placeat enim earum aut odit facilis\nconsequatur suscipit necessitatibus rerum sed inventore temporibus consequatur"
  },
  {
    "userId": 3,
    "id": 28,
    "title": "delectus ullam et corporis nulla voluptas sequi",
    "body": "non et quaerat ex quae ad maiores\nmaiores recusandae totam aut blanditiis mollitia quas illo\nut voluptatibus voluptatem\nsimilique nostrum eum"
  },
  {
    "userId": 3,
    "id": 29,
    "title": "iusto eius quod necessitatibus culpa ea",
    "body": "odit magnam ut saepe sed non qui\ntempora atque nihil\naccusamus illum doloribus illo dolor\neligendi repudiandae odit magni similique sed cum maiores"
  },
  {
    "userId": 3,
    "id": 30,
    "title": "a quo magni similique perferendis",
    "body": "alias dolor cumque\nimpedit blanditiis non eveniet odio maxime\nblanditiis amet eius quis tempora quia autem rem\na provident perspiciatis quia"
  },
  {
    "userId": 4,
    "id": 31,
    "title": "ullam ut quidem id aut vel consequuntur",
    "body": "debitis eius sed quibusdam non quis consectetur vitae\nimpedit ut qui consequatur sed aut in\nquidem sit nostrum et maiores adipisci atque\nquaerat voluptatem adipisci repudiandae"
  },
  {
    "userId": 4,
    "id": 32,
    "title": "doloremque illum aliquid sunt",
    "body": "deserunt eos nobis asperiores et hic\nest debitis repellat molestiae optio\nnihil ratione ut eos beatae quibusdam distinctio maiores\nearum voluptates et aut adipisci ea maiores voluptas maxime"
  },
  {
    "userId": 4,
    "id": 33,
    "title": "qui explicabo molestiae dolorem",
    "body": "rerum ut et numquam laborum odit est sit\nid qui sint in\nquasi tenetur tempore aperiam et quaerat qui in\nrerum officiis sequi cumque quod"
  },
  {
    "userId": 4,
    "id": 34,
    "title": "magnam ut rerum iure",
    "body": "ea velit perferendis earum ut voluptatem voluptate itaque iusto\ntotam pariatur in\nnemo voluptatem voluptatem autem magni tempora minima in\nest distinctio qui assumenda accusamus dignissimos officia nesciunt nobis"
  },
  {
    "userId": 4,
    "id": 35,
    "title": "id nihil consequatur molestias animi provident",
    "body": "nisi error delectus possimus ut eligendi vitae\nplaceat eos harum cupiditate facilis reprehenderit voluptatem beatae\nmodi ducimus quo illum voluptas eligendi\net nobis quia fugit"
  },
  {
    "userId": 4,
    "id": 36,
    "title": "fuga nam accusamus voluptas reiciendis itaque",
    "body": "ad mollitia et omnis minus architecto odit\nvoluptas doloremque maxime aut non ipsa qui alias veniam\nblanditiis culpa aut quia nihil cumque facere et occaecati\nqui aspernatur quia eaque ut aperiam inventore"
  },
  {
    "userId": 4,
    "id": 37,
    "title": "provident vel ut sit ratione est... (set the log level to DEBUG or TRACE to see the full content) 
 </msg>
<msg timestamp="20231211 21:16:02.429" level="INFO">${response} = &lt;Response [200]&gt;</msg>
<status status="PASS" starttime="20231211 21:16:01.998" endtime="20231211 21:16:02.429"/>
</kw>
<kw name="Set Variable" library="BuiltIn">
<var>${body}</var>
<arg>${response.json()}</arg>
<doc>Returns the given values which can then be assigned to a variables.</doc>
<msg timestamp="20231211 21:16:02.431" level="INFO">${body} = [{'userId': 1, 'id': 1, 'title': 'sunt aut facere repellat provident occaecati excepturi optio reprehenderit', 'body': 'quia et suscipit\nsuscipit recusandae consequuntur expedita et cum\nreprehenderi...</msg>
<status status="PASS" starttime="20231211 21:16:02.429" endtime="20231211 21:16:02.431"/>
</kw>
<kw name="Create List" library="BuiltIn">
<var>@{id_list}</var>
<doc>Returns a list containing given items.</doc>
<msg timestamp="20231211 21:16:02.431" level="INFO">@{id_list} = [ ]</msg>
<status status="PASS" starttime="20231211 21:16:02.431" endtime="20231211 21:16:02.431"/>
</kw>
<for flavor="IN">
<var>${element}</var>
<value>@{body}</value>
<iter>
<var name="${element}">{'userId': 1, 'id': 1, 'title': 'sunt aut facere repellat provident occaecati excepturi optio reprehenderit', 'body': 'quia et suscipit\nsuscipit recusandae consequuntur expedita et cum\nreprehenderit...</var>
<kw name="Get From Dictionary" library="Collections">
<var>${id}</var>
<arg>${element}</arg>
<arg>id</arg>
<doc>Returns a value from the given ``dictionary`` based on the given ``key``.</doc>
<msg timestamp="20231211 21:16:02.432" level="INFO">${id} = 1</msg>
<status status="PASS" starttime="20231211 21:16:02.432" endtime="20231211 21:16:02.432"/>
</kw>
<kw name="Append To List" library="Collections">
<arg>${id_list}</arg>
<arg>${id}</arg>
<doc>Adds ``values`` to the end of ``list``.</doc>
<status status="PASS" starttime="20231211 21:16:02.432" endtime="20231211 21:16:02.432"/>
</kw>
<status status="PASS" starttime="20231211 21:16:02.432" endtime="20231211 21:16:02.432"/>
</iter>
<iter>
<var name="${element}">{'userId': 1, 'id': 2, 'title': 'qui est esse', 'body': 'est rerum tempore vitae\nsequi sint nihil reprehenderit dolor beatae ea dolores neque\nfugiat blanditiis voluptate porro vel nihil molestiae ut...</var>
<kw name="Get From Dictionary" library="Collections">
<var>${id}</var>
<arg>${element}</arg>
<arg>id</arg>
<doc>Returns a value from the given ``dictionary`` based on the given ``key``.</doc>
<msg timestamp="20231211 21:16:02.432" level="INFO">${id} = 2</msg>
<status status="PASS" starttime="20231211 21:16:02.432" endtime="20231211 21:16:02.432"/>
</kw>
<kw name="Append To List" library="Collections">
<arg>${id_list}</arg>
<arg>${id}</arg>
<doc>Adds ``values`` to the end of ``list``.</doc>
<status status="PASS" starttime="20231211 21:16:02.432" endtime="20231211 21:16:02.432"/>
</kw>
<status status="PASS" starttime="20231211 21:16:02.432" endtime="20231211 21:16:02.432"/>
</iter>
<iter>
<var name="${element}">{'userId': 1, 'id': 3, 'title': 'ea molestias quasi exercitationem repellat qui ipsa sit aut', 'body': 'et iusto sed quo iure\nvoluptatem occaecati omnis eligendi aut ad\nvoluptatem doloribus vel accu...</var>
<kw name="Get From Dictionary" library="Collections">
<var>${id}</var>
<arg>${element}</arg>
<arg>id</arg>
<doc>Returns a value from the given ``dictionary`` based on the given ``key``.</doc>
<msg timestamp="20231211 21:16:02.432" level="INFO">${id} = 3</msg>
<status status="PASS" starttime="20231211 21:16:02.432" endtime="20231211 21:16:02.432"/>
</kw>
<kw name="Append To List" library="Collections">
<arg>${id_list}</arg>
<arg>${id}</arg>
<doc>Adds ``values`` to the end of ``list``.</doc>
<status status="PASS" starttime="20231211 21:16:02.432" endtime="20231211 21:16:02.433"/>
</kw>
<status status="PASS" starttime="20231211 21:16:02.432" endtime="20231211 21:16:02.433"/>
</iter>
<iter>
<var name="${element}">{'userId': 1, 'id': 4, 'title': 'eum et est occaecati', 'body': 'ullam et saepe reiciendis voluptatem adipisci\nsit amet autem assumenda provident rerum culpa\nquis hic commodi nesciunt rem tenetur do...</var>
<kw name="Get From Dictionary" library="Collections">
<var>${id}</var>
<arg>${element}</arg>
<arg>id</arg>
<doc>Returns a value from the given ``dictionary`` based on the given ``key``.</doc>
<msg timestamp="20231211 21:16:02.433" level="INFO">${id} = 4</msg>
<status status="PASS" starttime="20231211 21:16:02.433" endtime="20231211 21:16:02.433"/>
</kw>
<kw name="Append To List" library="Collections">
<arg>${id_list}</arg>
<arg>${id}</arg>
<doc>Adds ``values`` to the end of ``list``.</doc>
<status status="PASS" starttime="20231211 21:16:02.433" endtime="20231211 21:16:02.433"/>
</kw>
<status status="PASS" starttime="20231211 21:16:02.433" endtime="20231211 21:16:02.433"/>
</iter>
<iter>
<var name="${element}">{'userId': 1, 'id': 5, 'title': 'nesciunt quas odio', 'body': 'repudiandae veniam quaerat sunt sed\nalias aut fugiat sit autem sed est\nvoluptatem omnis possimus esse voluptatibus quis\nest aut tenetu...</var>
<kw name="Get From Dictionary" library="Collections">
<var>${id}</var>
<arg>${element}</arg>
<arg>id</arg>
<doc>Returns a value from the given ``dictionary`` based on the given ``key``.</doc>
<msg timestamp="20231211 21:16:02.433" level="INFO">${id} = 5</msg>
<status status="PASS" starttime="20231211 21:16:02.433" endtime="20231211 21:16:02.433"/>
</kw>
<kw name="Append To List" library="Collections">
<arg>${id_list}</arg>
<arg>${id}</arg>
<doc>Adds ``values`` to the end of ``list``.</doc>
<status status="PASS" starttime="20231211 21:16:02.433" endtime="20231211 21:16:02.433"/>
</kw>
<status status="PASS" starttime="20231211 21:16:02.433" endtime="20231211 21:16:02.433"/>
</iter>
<iter>
<var name="${element}">{'userId': 1, 'id': 6, 'title': 'dolorem eum magni eos aperiam quia', 'body': 'ut aspernatur corporis harum nihil quis provident sequi\nmollitia nobis aliquid molestiae\nperspiciatis et ea nemo ab rep...</var>
<kw name="Get From Dictionary" library="Collections">
<var>${id}</var>
<arg>${element}</arg>
<arg>id</arg>
<doc>Returns a value from the given ``dictionary`` based on the given ``key``.</doc>
<msg timestamp="20231211 21:16:02.433" level="INFO">${id} = 6</msg>
<status status="PASS" starttime="20231211 21:16:02.433" endtime="20231211 21:16:02.433"/>
</kw>
<kw name="Append To List" library="Collections">
<arg>${id_list}</arg>
<arg>${id}</arg>
<doc>Adds ``values`` to the end of ``list``.</doc>
<status status="PASS" starttime="20231211 21:16:02.433" endtime="20231211 21:16:02.433"/>
</kw>
<status status="PASS" starttime="20231211 21:16:02.433" endtime="20231211 21:16:02.433"/>
</iter>
<iter>
<var name="${element}">{'userId': 1, 'id': 7, 'title': 'magnam facilis autem', 'body': 'dolore placeat quibusdam ea quo vitae\nmagni quis enim qui quis quo nemo aut saepe\nquidem repellat excepturi ut quia\nsunt ut sequi eo...</var>
<kw name="Get From Dictionary" library="Collections">
<var>${id}</var>
<arg>${element}</arg>
<arg>id</arg>
<doc>Returns a value from the given ``dictionary`` based on the given ``key``.</doc>
<msg timestamp="20231211 21:16:02.434" level="INFO">${id} = 7</msg>
<status status="PASS" starttime="20231211 21:16:02.434" endtime="20231211 21:16:02.434"/>
</kw>
<kw name="Append To List" library="Collections">
<arg>${id_list}</arg>
<arg>${id}</arg>
<doc>Adds ``values`` to the end of ``list``.</doc>
<status status="PASS" starttime="20231211 21:16:02.434" endtime="20231211 21:16:02.434"/>
</kw>
<status status="PASS" starttime="20231211 21:16:02.433" endtime="20231211 21:16:02.434"/>
</iter>
<iter>
<var name="${element}">{'userId': 1, 'id': 8, 'title': 'dolorem dolore est ipsam', 'body': 'dignissimos aperiam dolorem qui eum\nfacilis quibusdam animi sint suscipit qui sint possimus cum\nquaerat magni maiores excepturi\n...</var>
<kw name="Get From Dictionary" library="Collections">
<var>${id}</var>
<arg>${element}</arg>
<arg>id</arg>
<doc>Returns a value from the given ``dictionary`` based on the given ``key``.</doc>
<msg timestamp="20231211 21:16:02.434" level="INFO">${id} = 8</msg>
<status status="PASS" starttime="20231211 21:16:02.434" endtime="20231211 21:16:02.434"/>
</kw>
<kw name="Append To List" library="Collections">
<arg>${id_list}</arg>
<arg>${id}</arg>
<doc>Adds ``values`` to the end of ``list``.</doc>
<status status="PASS" starttime="20231211 21:16:02.434" endtime="20231211 21:16:02.434"/>
</kw>
<status status="PASS" starttime="20231211 21:16:02.434" endtime="20231211 21:16:02.434"/>
</iter>
<iter>
<var name="${element}">{'userId': 1, 'id': 9, 'title': 'nesciunt iure omnis dolorem tempora et accusantium', 'body': 'consectetur animi nesciunt iure dolore\nenim quia ad\nveniam autem ut quam aut nobis\net est aut quod aut...</var>
<kw name="Get From Dictionary" library="Collections">
<var>${id}</var>
<arg>${element}</arg>
<arg>id</arg>
<doc>Returns a value from the given ``dictionary`` based on the given ``key``.</doc>
<msg timestamp="20231211 21:16:02.434" level="INFO">${id} = 9</msg>
<status status="PASS" starttime="20231211 21:16:02.434" endtime="20231211 21:16:02.434"/>
</kw>
<kw name="Append To List" library="Collections">
<arg>${id_list}</arg>
<arg>${id}</arg>
<doc>Adds ``values`` to the end of ``list``.</doc>
<status status="PASS" starttime="20231211 21:16:02.434" endtime="20231211 21:16:02.434"/>
</kw>
<status status="PASS" starttime="20231211 21:16:02.434" endtime="20231211 21:16:02.434"/>
</iter>
<iter>
<var name="${element}">{'userId': 1, 'id': 10, 'title': 'optio molestias id quia eum', 'body': 'quo et expedita modi cum officia vel magni\ndoloribus qui repudiandae\nvero nisi sit\nquos veniam quod sed accusamus veritatis ...</var>
<kw name="Get From Dictionary" library="Collections">
<var>${id}</var>
<arg>${element}</arg>
<arg>id</arg>
<doc>Returns a value from the given ``dictionary`` based on the given ``key``.</doc>
<msg timestamp="20231211 21:16:02.435" level="INFO">${id} = 10</msg>
<status status="PASS" starttime="20231211 21:16:02.434" endtime="20231211 21:16:02.435"/>
</kw>
<kw name="Append To List" library="Collections">
<arg>${id_list}</arg>
<arg>${id}</arg>
<doc>Adds ``values`` to the end of ``list``.</doc>
<status status="PASS" starttime="20231211 21:16:02.435" endtime="20231211 21:16:02.435"/>
</kw>
<status status="PASS" starttime="20231211 21:16:02.434" endtime="20231211 21:16:02.435"/>
</iter>
<iter>
<var name="${element}">{'userId': 2, 'id': 11, 'title': 'et ea vero quia laudantium autem', 'body': 'delectus reiciendis molestiae occaecati non minima eveniet qui voluptatibus\naccusamus in eum beatae sit\nvel qui neque vo...</var>
<kw name="Get From Dictionary" library="Collections">
<var>${id}</var>
<arg>${element}</arg>
<arg>id</arg>
<doc>Returns a value from the given ``dictionary`` based on the given ``key``.</doc>
<msg timestamp="20231211 21:16:02.435" level="INFO">${id} = 11</msg>
<status status="PASS" starttime="20231211 21:16:02.435" endtime="20231211 21:16:02.435"/>
</kw>
<kw name="Append To List" library="Collections">
<arg>${id_list}</arg>
<arg>${id}</arg>
<doc>Adds ``values`` to the end of ``list``.</doc>
<status status="PASS" starttime="20231211 21:16:02.435" endtime="20231211 21:16:02.435"/>
</kw>
<status status="PASS" starttime="20231211 21:16:02.435" endtime="20231211 21:16:02.435"/>
</iter>
<iter>
<var name="${element}">{'userId': 2, 'id': 12, 'title': 'in quibusdam tempore odit est dolorem', 'body': 'itaque id aut magnam\npraesentium quia et ea odit et ea voluptas et\nsapiente quia nihil amet occaecati quia id volup...</var>
<kw name="Get From Dictionary" library="Collections">
<var>${id}</var>
<arg>${element}</arg>
<arg>id</arg>
<doc>Returns a value from the given ``dictionary`` based on the given ``key``.</doc>
<msg timestamp="20231211 21:16:02.435" level="INFO">${id} = 12</msg>
<status status="PASS" starttime="20231211 21:16:02.435" endtime="20231211 21:16:02.435"/>
</kw>
<kw name="Append To List" library="Collections">
<arg>${id_list}</arg>
<arg>${id}</arg>
<doc>Adds ``values`` to the end of ``list``.</doc>
<status status="PASS" starttime="20231211 21:16:02.435" endtime="20231211 21:16:02.435"/>
</kw>
<status status="PASS" starttime="20231211 21:16:02.435" endtime="20231211 21:16:02.435"/>
</iter>
<iter>
<var name="${element}">{'userId': 2, 'id': 13, 'title': 'dolorum ut in voluptas mollitia et saepe quo animi', 'body': 'aut dicta possimus sint mollitia voluptas commodi quo doloremque\niste corrupti reiciendis voluptatem ei...</var>
<kw name="Get From Dictionary" library="Collections">
<var>${id}</var>
<arg>${element}</arg>
<arg>id</arg>
<doc>Returns a value from the given ``dictionary`` based on the given ``key``.</doc>
<msg timestamp="20231211 21:16:02.435" level="INFO">${id} = 13</msg>
<status status="PASS" starttime="20231211 21:16:02.435" endtime="20231211 21:16:02.435"/>
</kw>
<kw name="Append To List" library="Collections">
<arg>${id_list}</arg>
<arg>${id}</arg>
<doc>Adds ``values`` to the end of ``list``.</doc>
<status status="PASS" starttime="20231211 21:16:02.435" endtime="20231211 21:16:02.435"/>
</kw>
<status status="PASS" starttime="20231211 21:16:02.435" endtime="20231211 21:16:02.435"/>
</iter>
<iter>
<var name="${element}">{'userId': 2, 'id': 14, 'title': 'voluptatem eligendi optio', 'body': 'fuga et accusamus dolorum perferendis illo voluptas\nnon doloremque neque facere\nad qui dolorum molestiae beatae\nsed aut volupt...</var>
<kw name="Get From Dictionary" library="Collections">
<var>${id}</var>
<arg>${element}</arg>
<arg>id</arg>
<doc>Returns a value from the given ``dictionary`` based on the given ``key``.</doc>
<msg timestamp="20231211 21:16:02.436" level="INFO">${id} = 14</msg>
<status status="PASS" starttime="20231211 21:16:02.436" endtime="20231211 21:16:02.436"/>
</kw>
<kw name="Append To List" library="Collections">
<arg>${id_list}</arg>
<arg>${id}</arg>
<doc>Adds ``values`` to the end of ``list``.</doc>
<status status="PASS" starttime="20231211 21:16:02.436" endtime="20231211 21:16:02.436"/>
</kw>
<status status="PASS" starttime="20231211 21:16:02.436" endtime="20231211 21:16:02.436"/>
</iter>
<iter>
<var name="${element}">{'userId': 2, 'id': 15, 'title': 'eveniet quod temporibus', 'body': 'reprehenderit quos placeat\nvelit minima officia dolores impedit repudiandae molestiae nam\nvoluptas recusandae quis delectus\noffi...</var>
<kw name="Get From Dictionary" library="Collections">
<var>${id}</var>
<arg>${element}</arg>
<arg>id</arg>
<doc>Returns a value from the given ``dictionary`` based on the given ``key``.</doc>
<msg timestamp="20231211 21:16:02.436" level="INFO">${id} = 15</msg>
<status status="PASS" starttime="20231211 21:16:02.436" endtime="20231211 21:16:02.436"/>
</kw>
<kw name="Append To List" library="Collections">
<arg>${id_list}</arg>
<arg>${id}</arg>
<doc>Adds ``values`` to the end of ``list``.</doc>
<status status="PASS" starttime="20231211 21:16:02.436" endtime="20231211 21:16:02.436"/>
</kw>
<status status="PASS" starttime="20231211 21:16:02.436" endtime="20231211 21:16:02.436"/>
</iter>
<iter>
<var name="${element}">{'userId': 2, 'id': 16, 'title': 'sint suscipit perspiciatis velit dolorum rerum ipsa laboriosam odio', 'body': 'suscipit nam nisi quo aperiam aut\nasperiores eos fugit maiores voluptatibus quia\nvolu...</var>
<kw name="Get From Dictionary" library="Collections">
<var>${id}</var>
<arg>${element}</arg>
<arg>id</arg>
<doc>Returns a value from the given ``dictionary`` based on the given ``key``.</doc>
<msg timestamp="20231211 21:16:02.436" level="INFO">${id} = 16</msg>
<status status="PASS" starttime="20231211 21:16:02.436" endtime="20231211 21:16:02.436"/>
</kw>
<kw name="Append To List" library="Collections">
<arg>${id_list}</arg>
<arg>${id}</arg>
<doc>Adds ``values`` to the end of ``list``.</doc>
<status status="PASS" starttime="20231211 21:16:02.436" endtime="20231211 21:16:02.436"/>
</kw>
<status status="PASS" starttime="20231211 21:16:02.436" endtime="20231211 21:16:02.436"/>
</iter>
<iter>
<var name="${element}">{'userId': 2, 'id': 17, 'title': 'fugit voluptas sed molestias voluptatem provident', 'body': 'eos voluptas et aut odit natus earum\naspernatur fuga molestiae ullam\ndeserunt ratione qui eos\nqui nihi...</var>
<kw name="Get From Dictionary" library="Collections">
<var>${id}</var>
<arg>${element}</arg>
<arg>id</arg>
<doc>Returns a value from the given ``dictionary`` based on the given ``key``.</doc>
<msg timestamp="20231211 21:16:02.437" level="INFO">${id} = 17</msg>
<status status="PASS" starttime="20231211 21:16:02.436" endtime="20231211 21:16:02.437"/>
</kw>
<kw name="Append To List" library="Collections">
<arg>${id_list}</arg>
<arg>${id}</arg>
<doc>Adds ``values`` to the end of ``list``.</doc>
<status status="PASS" starttime="20231211 21:16:02.437" endtime="20231211 21:16:02.437"/>
</kw>
<status status="PASS" starttime="20231211 21:16:02.436" endtime="20231211 21:16:02.437"/>
</iter>
<iter>
<var name="${element}">{'userId': 2, 'id': 18, 'title': 'voluptate et itaque vero tempora molestiae', 'body': 'eveniet quo quis\nlaborum totam consequatur non dolor\nut et est repudiandae\nest voluptatem vel debitis et magn...</var>
<kw name="Get From Dictionary" library="Collections">
<var>${id}</var>
<arg>${element}</arg>
<arg>id</arg>
<doc>Returns a value from the given ``dictionary`` based on the given ``key``.</doc>
<msg timestamp="20231211 21:16:02.437" level="INFO">${id} = 18</msg>
<status status="PASS" starttime="20231211 21:16:02.437" endtime="20231211 21:16:02.437"/>
</kw>
<kw name="Append To List" library="Collections">
<arg>${id_list}</arg>
<arg>${id}</arg>
<doc>Adds ``values`` to the end of ``list``.</doc>
<status status="PASS" starttime="20231211 21:16:02.437" endtime="20231211 21:16:02.437"/>
</kw>
<status status="PASS" starttime="20231211 21:16:02.437" endtime="20231211 21:16:02.437"/>
</iter>
<iter>
<var name="${element}">{'userId': 2, 'id': 19, 'title': 'adipisci placeat illum aut reiciendis qui', 'body': 'illum quis cupiditate provident sit magnam\nea sed aut omnis\nveniam maiores ullam consequatur atque\nadipisci qu...</var>
<kw name="Get From Dictionary" library="Collections">
<var>${id}</var>
<arg>${element}</arg>
<arg>id</arg>
<doc>Returns a value from the given ``dictionary`` based on the given ``key``.</doc>
<msg timestamp="20231211 21:16:02.437" level="INFO">${id} = 19</msg>
<status status="PASS" starttime="20231211 21:16:02.437" endtime="20231211 21:16:02.437"/>
</kw>
<kw name="Append To List" library="Collections">
<arg>${id_list}</arg>
<arg>${id}</arg>
<doc>Adds ``values`` to the end of ``list``.</doc>
<status status="PASS" starttime="20231211 21:16:02.437" endtime="20231211 21:16:02.437"/>
</kw>
<status status="PASS" starttime="20231211 21:16:02.437" endtime="20231211 21:16:02.437"/>
</iter>
<iter>
<var name="${element}">{'userId': 2, 'id': 20, 'title': 'doloribus ad provident suscipit at', 'body': 'qui consequuntur ducimus possimus quisquam amet similique\nsuscipit porro ipsam amet\neos veritatis officiis exercitatio...</var>
<kw name="Get From Dictionary" library="Collections">
<var>${id}</var>
<arg>${element}</arg>
<arg>id</arg>
<doc>Returns a value from the given ``dictionary`` based on the given ``key``.</doc>
<msg timestamp="20231211 21:16:02.437" level="INFO">${id} = 20</msg>
<status status="PASS" starttime="20231211 21:16:02.437" endtime="20231211 21:16:02.437"/>
</kw>
<kw name="Append To List" library="Collections">
<arg>${id_list}</arg>
<arg>${id}</arg>
<doc>Adds ``values`` to the end of ``list``.</doc>
<status status="PASS" starttime="20231211 21:16:02.437" endtime="20231211 21:16:02.438"/>
</kw>
<status status="PASS" starttime="20231211 21:16:02.437" endtime="20231211 21:16:02.438"/>
</iter>
<iter>
<var name="${element}">{'userId': 3, 'id': 21, 'title': 'asperiores ea ipsam voluptatibus modi minima quia sint', 'body': 'repellat aliquid praesentium dolorem quo\nsed totam minus non itaque\nnihil labore molestiae sunt do...</var>
<kw name="Get From Dictionary" library="Collections">
<var>${id}</var>
<arg>${element}</arg>
<arg>id</arg>
<doc>Returns a value from the given ``dictionary`` based on the given ``key``.</doc>
<msg timestamp="20231211 21:16:02.438" level="INFO">${id} = 21</msg>
<status status="PASS" starttime="20231211 21:16:02.438" endtime="20231211 21:16:02.438"/>
</kw>
<kw name="Append To List" library="Collections">
<arg>${id_list}</arg>
<arg>${id}</arg>
<doc>Adds ``values`` to the end of ``list``.</doc>
<status status="PASS" starttime="20231211 21:16:02.438" endtime="20231211 21:16:02.438"/>
</kw>
<status status="PASS" starttime="20231211 21:16:02.438" endtime="20231211 21:16:02.438"/>
</iter>
<iter>
<var name="${element}">{'userId': 3, 'id': 22, 'title': 'dolor sint quo a velit explicabo quia nam', 'body': 'eos qui et ipsum ipsam suscipit aut\nsed omnis non odio\nexpedita earum mollitia molestiae aut atque rem suscipit...</var>
<kw name="Get From Dictionary" library="Collections">
<var>${id}</var>
<arg>${element}</arg>
<arg>id</arg>
<doc>Returns a value from the given ``dictionary`` based on the given ``key``.</doc>
<msg timestamp="20231211 21:16:02.438" level="INFO">${id} = 22</msg>
<status status="PASS" starttime="20231211 21:16:02.438" endtime="20231211 21:16:02.438"/>
</kw>
<kw name="Append To List" library="Collections">
<arg>${id_list}</arg>
<arg>${id}</arg>
<doc>Adds ``values`` to the end of ``list``.</doc>
<status status="PASS" starttime="20231211 21:16:02.438" endtime="20231211 21:16:02.439"/>
</kw>
<status status="PASS" starttime="20231211 21:16:02.438" endtime="20231211 21:16:02.439"/>
</iter>
<iter>
<var name="${element}">{'userId': 3, 'id': 23, 'title': 'maxime id vitae nihil numquam', 'body': 'veritatis unde neque eligendi\nquae quod architecto quo neque vitae\nest illo sit tempora doloremque fugit quod\net et vel be...</var>
<kw name="Get From Dictionary" library="Collections">
<var>${id}</var>
<arg>${element}</arg>
<arg>id</arg>
<doc>Returns a value from the given ``dictionary`` based on the given ``key``.</doc>
<msg timestamp="20231211 21:16:02.439" level="INFO">${id} = 23</msg>
<status status="PASS" starttime="20231211 21:16:02.439" endtime="20231211 21:16:02.439"/>
</kw>
<kw name="Append To List" library="Collections">
<arg>${id_list}</arg>
<arg>${id}</arg>
<doc>Adds ``values`` to the end of ``list``.</doc>
<status status="PASS" starttime="20231211 21:16:02.439" endtime="20231211 21:16:02.439"/>
</kw>
<status status="PASS" starttime="20231211 21:16:02.439" endtime="20231211 21:16:02.439"/>
</iter>
<iter>
<var name="${element}">{'userId': 3, 'id': 24, 'title': 'autem hic labore sunt dolores incidunt', 'body': 'enim et ex nulla\nomnis voluptas quia qui\nvoluptatem consequatur numquam aliquam sunt\ntotam recusandae id dignissi...</var>
<kw name="Get From Dictionary" library="Collections">
<var>${id}</var>
<arg>${element}</arg>
<arg>id</arg>
<doc>Returns a value from the given ``dictionary`` based on the given ``key``.</doc>
<msg timestamp="20231211 21:16:02.439" level="INFO">${id} = 24</msg>
<status status="PASS" starttime="20231211 21:16:02.439" endtime="20231211 21:16:02.439"/>
</kw>
<kw name="Append To List" library="Collections">
<arg>${id_list}</arg>
<arg>${id}</arg>
<doc>Adds ``values`` to the end of ``list``.</doc>
<status status="PASS" starttime="20231211 21:16:02.439" endtime="20231211 21:16:02.439"/>
</kw>
<status status="PASS" starttime="20231211 21:16:02.439" endtime="20231211 21:16:02.439"/>
</iter>
<iter>
<var name="${element}">{'userId': 3, 'id': 25, 'title': 'rem alias distinctio quo quis', 'body': 'ullam consequatur ut\nomnis quis sit vel consequuntur\nipsa eligendi ipsum molestiae et omnis error nostrum\nmolestiae illo t...</var>
<kw name="Get From Dictionary" library="Collections">
<var>${id}</var>
<arg>${element}</arg>
<arg>id</arg>
<doc>Returns a value from the given ``dictionary`` based on the given ``key``.</doc>
<msg timestamp="20231211 21:16:02.439" level="INFO">${id} = 25</msg>
<status status="PASS" starttime="20231211 21:16:02.439" endtime="20231211 21:16:02.439"/>
</kw>
<kw name="Append To List" library="Collections">
<arg>${id_list}</arg>
<arg>${id}</arg>
<doc>Adds ``values`` to the end of ``list``.</doc>
<status status="PASS" starttime="20231211 21:16:02.439" endtime="20231211 21:16:02.439"/>
</kw>
<status status="PASS" starttime="20231211 21:16:02.439" endtime="20231211 21:16:02.439"/>
</iter>
<iter>
<var name="${element}">{'userId': 3, 'id': 26, 'title': 'est et quae odit qui non', 'body': 'similique esse doloribus nihil accusamus\nomnis dolorem fuga consequuntur reprehenderit fugit recusandae temporibus\nperspiciatis ...</var>
<kw name="Get From Dictionary" library="Collections">
<var>${id}</var>
<arg>${element}</arg>
<arg>id</arg>
<doc>Returns a value from the given ``dictionary`` based on the given ``key``.</doc>
<msg timestamp="20231211 21:16:02.440" level="INFO">${id} = 26</msg>
<status status="PASS" starttime="20231211 21:16:02.440" endtime="20231211 21:16:02.440"/>
</kw>
<kw name="Append To List" library="Collections">
<arg>${id_list}</arg>
<arg>${id}</arg>
<doc>Adds ``values`` to the end of ``list``.</doc>
<status status="PASS" starttime="20231211 21:16:02.440" endtime="20231211 21:16:02.440"/>
</kw>
<status status="PASS" starttime="20231211 21:16:02.440" endtime="20231211 21:16:02.440"/>
</iter>
<iter>
<var name="${element}">{'userId': 3, 'id': 27, 'title': 'quasi id et eos tenetur aut quo autem', 'body': 'eum sed dolores ipsam sint possimus debitis occaecati\ndebitis qui qui et\nut placeat enim earum aut odit facilis\nco...</var>
<kw name="Get From Dictionary" library="Collections">
<var>${id}</var>
<arg>${element}</arg>
<arg>id</arg>
<doc>Returns a value from the given ``dictionary`` based on the given ``key``.</doc>
<msg timestamp="20231211 21:16:02.440" level="INFO">${id} = 27</msg>
<status status="PASS" starttime="20231211 21:16:02.440" endtime="20231211 21:16:02.440"/>
</kw>
<kw name="Append To List" library="Collections">
<arg>${id_list}</arg>
<arg>${id}</arg>
<doc>Adds ``values`` to the end of ``list``.</doc>
<status status="PASS" starttime="20231211 21:16:02.440" endtime="20231211 21:16:02.440"/>
</kw>
<status status="PASS" starttime="20231211 21:16:02.440" endtime="20231211 21:16:02.440"/>
</iter>
<iter>
<var name="${element}">{'userId': 3, 'id': 28, 'title': 'delectus ullam et corporis nulla voluptas sequi', 'body': 'non et quaerat ex quae ad maiores\nmaiores recusandae totam aut blanditiis mollitia quas illo\nut voluptati...</var>
<kw name="Get From Dictionary" library="Collections">
<var>${id}</var>
<arg>${element}</arg>
<arg>id</arg>
<doc>Returns a value from the given ``dictionary`` based on the given ``key``.</doc>
<msg timestamp="20231211 21:16:02.440" level="INFO">${id} = 28</msg>
<status status="PASS" starttime="20231211 21:16:02.440" endtime="20231211 21:16:02.440"/>
</kw>
<kw name="Append To List" library="Collections">
<arg>${id_list}</arg>
<arg>${id}</arg>
<doc>Adds ``values`` to the end of ``list``.</doc>
<status status="PASS" starttime="20231211 21:16:02.440" endtime="20231211 21:16:02.440"/>
</kw>
<status status="PASS" starttime="20231211 21:16:02.440" endtime="20231211 21:16:02.440"/>
</iter>
<iter>
<var name="${element}">{'userId': 3, 'id': 29, 'title': 'iusto eius quod necessitatibus culpa ea', 'body': 'odit magnam ut saepe sed non qui\ntempora atque nihil\naccusamus illum doloribus illo dolor\neligendi repudiandae o...</var>
<kw name="Get From Dictionary" library="Collections">
<var>${id}</var>
<arg>${element}</arg>
<arg>id</arg>
<doc>Returns a value from the given ``dictionary`` based on the given ``key``.</doc>
<msg timestamp="20231211 21:16:02.440" level="INFO">${id} = 29</msg>
<status status="PASS" starttime="20231211 21:16:02.440" endtime="20231211 21:16:02.441"/>
</kw>
<kw name="Append To List" library="Collections">
<arg>${id_list}</arg>
<arg>${id}</arg>
<doc>Adds ``values`` to the end of ``list``.</doc>
<status status="PASS" starttime="20231211 21:16:02.441" endtime="20231211 21:16:02.441"/>
</kw>
<status status="PASS" starttime="20231211 21:16:02.440" endtime="20231211 21:16:02.441"/>
</iter>
<iter>
<var name="${element}">{'userId': 3, 'id': 30, 'title': 'a quo magni similique perferendis', 'body': 'alias dolor cumque\nimpedit blanditiis non eveniet odio maxime\nblanditiis amet eius quis tempora quia autem rem\na provi...</var>
<kw name="Get From Dictionary" library="Collections">
<var>${id}</var>
<arg>${element}</arg>
<arg>id</arg>
<doc>Returns a value from the given ``dictionary`` based on the given ``key``.</doc>
<msg timestamp="20231211 21:16:02.441" level="INFO">${id} = 30</msg>
<status status="PASS" starttime="20231211 21:16:02.441" endtime="20231211 21:16:02.441"/>
</kw>
<kw name="Append To List" library="Collections">
<arg>${id_list}</arg>
<arg>${id}</arg>
<doc>Adds ``values`` to the end of ``list``.</doc>
<status status="PASS" starttime="20231211 21:16:02.441" endtime="20231211 21:16:02.441"/>
</kw>
<status status="PASS" starttime="20231211 21:16:02.441" endtime="20231211 21:16:02.441"/>
</iter>
<iter>
<var name="${element}">{'userId': 4, 'id': 31, 'title': 'ullam ut quidem id aut vel consequuntur', 'body': 'debitis eius sed quibusdam non quis consectetur vitae\nimpedit ut qui consequatur sed aut in\nquidem sit nostrum et...</var>
<kw name="Get From Dictionary" library="Collections">
<var>${id}</var>
<arg>${element}</arg>
<arg>id</arg>
<doc>Returns a value from the given ``dictionary`` based on the given ``key``.</doc>
<msg timestamp="20231211 21:16:02.441" level="INFO">${id} = 31</msg>
<status status="PASS" starttime="20231211 21:16:02.441" endtime="20231211 21:16:02.441"/>
</kw>
<kw name="Append To List" library="Collections">
[...]
<kw name="Log" library="BuiltIn">
<arg>${id}</arg>
<doc>Logs the given message with the given level.</doc>
<msg timestamp="20231211 21:16:02.471" level="INFO">54</msg>
<status status="PASS" starttime="20231211 21:16:02.470" endtime="20231211 21:16:02.471"/>
</kw>
<status status="PASS" starttime="20231211 21:16:02.470" endtime="20231211 21:16:02.471"/>
</iter>
<iter>
<var name="${id}">55</var>
<kw name="Log" library="BuiltIn">
<arg>${id}</arg>
<doc>Logs the given message with the given level.</doc>
<msg timestamp="20231211 21:16:02.471" level="INFO">55</msg>
<status status="PASS" starttime="20231211 21:16:02.471" endtime="20231211 21:16:02.471"/>
</kw>
<status status="PASS" starttime="20231211 21:16:02.471" endtime="20231211 21:16:02.471"/>
</iter>
<iter>
<var name="${id}">56</var>
<kw name="Log" library="BuiltIn">
<arg>${id}</arg>
<doc>Logs the given message with the given level.</doc>
<msg timestamp="20231211 21:16:02.471" level="INFO">56</msg>
<status status="PASS" starttime="20231211 21:16:02.471" endtime="20231211 21:16:02.471"/>
</kw>
<status status="PASS" starttime="20231211 21:16:02.471" endtime="20231211 21:16:02.471"/>
</iter>
<iter>
<var name="${id}">57</var>
<kw name="Log" library="BuiltIn">
<arg>${id}</arg>
<doc>Logs the given message with the given level.</doc>
<msg timestamp="20231211 21:16:02.471" level="INFO">57</msg>
<status status="PASS" starttime="20231211 21:16:02.471" endtime="20231211 21:16:02.471"/>
</kw>
<status status="PASS" starttime="20231211 21:16:02.471" endtime="20231211 21:16:02.471"/>
</iter>
<iter>
<var name="${id}">58</var>
<kw name="Log" library="BuiltIn">
<arg>${id}</arg>
<doc>Logs the given message with the given level.</doc>
<msg timestamp="20231211 21:16:02.471" level="INFO">58</msg>
<status status="PASS" starttime="20231211 21:16:02.471" endtime="20231211 21:16:02.471"/>
</kw>
<status status="PASS" starttime="20231211 21:16:02.471" endtime="20231211 21:16:02.471"/>
</iter>
<iter>
<var name="${id}">59</var>
<kw name="Log" library="BuiltIn">
<arg>${id}</arg>
<doc>Logs the given message with the given level.</doc>
<msg timestamp="20231211 21:16:02.471" level="INFO">59</msg>
<status status="PASS" starttime="20231211 21:16:02.471" endtime="20231211 21:16:02.471"/>
</kw>
<status status="PASS" starttime="20231211 21:16:02.471" endtime="20231211 21:16:02.471"/>
</iter>
<iter>
<var name="${id}">60</var>
<kw name="Log" library="BuiltIn">
<arg>${id}</arg>
<doc>Logs the given message with the given level.</doc>
<msg timestamp="20231211 21:16:02.471" level="INFO">60</msg>
<status status="PASS" starttime="20231211 21:16:02.471" endtime="20231211 21:16:02.471"/>
</kw>
<status status="PASS" starttime="20231211 21:16:02.471" endtime="20231211 21:16:02.471"/>
</iter>
<iter>
<var name="${id}">61</var>
<kw name="Log" library="BuiltIn">
<arg>${id}</arg>
<doc>Logs the given message with the given level.</doc>
<msg timestamp="20231211 21:16:02.472" level="INFO">61</msg>
<status status="PASS" starttime="20231211 21:16:02.472" endtime="20231211 21:16:02.472"/>
</kw>
<status status="PASS" starttime="20231211 21:16:02.472" endtime="20231211 21:16:02.472"/>
</iter>
<iter>
<var name="${id}">62</var>
<kw name="Log" library="BuiltIn">
<arg>${id}</arg>
<doc>Logs the given message with the given level.</doc>
<msg timestamp="20231211 21:16:02.472" level="INFO">62</msg>
<status status="PASS" starttime="20231211 21:16:02.472" endtime="20231211 21:16:02.472"/>
</kw>
<status status="PASS" starttime="20231211 21:16:02.472" endtime="20231211 21:16:02.472"/>
</iter>
<iter>
<var name="${id}">63</var>
<kw name="Log" library="BuiltIn">
<arg>${id}</arg>
<doc>Logs the given message with the given level.</doc>
<msg timestamp="20231211 21:16:02.472" level="INFO">63</msg>
<status status="PASS" starttime="20231211 21:16:02.472" endtime="20231211 21:16:02.472"/>
</kw>
<status status="PASS" starttime="20231211 21:16:02.472" endtime="20231211 21:16:02.472"/>
</iter>
<iter>
<var name="${id}">64</var>
<kw name="Log" library="BuiltIn">
<arg>${id}</arg>
<doc>Logs the given message with the given level.</doc>
<msg timestamp="20231211 21:16:02.472" level="INFO">64</msg>
<status status="PASS" starttime="20231211 21:16:02.472" endtime="20231211 21:16:02.472"/>
</kw>
<status status="PASS" starttime="20231211 21:16:02.472" endtime="20231211 21:16:02.472"/>
</iter>
<iter>
<var name="${id}">65</var>
<kw name="Log" library="BuiltIn">
<arg>${id}</arg>
<doc>Logs the given message with the given level.</doc>
<msg timestamp="20231211 21:16:02.472" level="INFO">65</msg>
<status status="PASS" starttime="20231211 21:16:02.472" endtime="20231211 21:16:02.472"/>
</kw>
<status status="PASS" starttime="20231211 21:16:02.472" endtime="20231211 21:16:02.472"/>
</iter>
<iter>
<var name="${id}">66</var>
<kw name="Log" library="BuiltIn">
<arg>${id}</arg>
<doc>Logs the given message with the given level.</doc>
<msg timestamp="20231211 21:16:02.472" level="INFO">66</msg>
<status status="PASS" starttime="20231211 21:16:02.472" endtime="20231211 21:16:02.473"/>
</kw>
<status status="PASS" starttime="20231211 21:16:02.472" endtime="20231211 21:16:02.473"/>
</iter>
<iter>
<var name="${id}">67</var>
<kw name="Log" library="BuiltIn">
<arg>${id}</arg>
<doc>Logs the given message with the given level.</doc>
<msg timestamp="20231211 21:16:02.473" level="INFO">67</msg>
<status status="PASS" starttime="20231211 21:16:02.473" endtime="20231211 21:16:02.473"/>
</kw>
<status status="PASS" starttime="20231211 21:16:02.473" endtime="20231211 21:16:02.473"/>
</iter>
<iter>
<var name="${id}">68</var>
<kw name="Log" library="BuiltIn">
<arg>${id}</arg>
<doc>Logs the given message with the given level.</doc>
<msg timestamp="20231211 21:16:02.473" level="INFO">68</msg>
<status status="PASS" starttime="20231211 21:16:02.473" endtime="20231211 21:16:02.473"/>
</kw>
<status status="PASS" starttime="20231211 21:16:02.473" endtime="20231211 21:16:02.473"/>
</iter>
<iter>
<var name="${id}">69</var>
<kw name="Log" library="BuiltIn">
<arg>${id}</arg>
<doc>Logs the given message with the given level.</doc>
<msg timestamp="20231211 21:16:02.473" level="INFO">69</msg>
<status status="PASS" starttime="20231211 21:16:02.473" endtime="20231211 21:16:02.473"/>
</kw>
<status status="PASS" starttime="20231211 21:16:02.473" endtime="20231211 21:16:02.473"/>
</iter>
<iter>
<var name="${id}">70</var>
<kw name="Log" library="BuiltIn">
<arg>${id}</arg>
<doc>Logs the given message with the given level.</doc>
<msg timestamp="20231211 21:16:02.473" level="INFO">70</msg>
<status status="PASS" starttime="20231211 21:16:02.473" endtime="20231211 21:16:02.473"/>
</kw>
<status status="PASS" starttime="20231211 21:16:02.473" endtime="20231211 21:16:02.473"/>
</iter>
<iter>
<var name="${id}">71</var>
<kw name="Log" library="BuiltIn">
<arg>${id}</arg>
<doc>Logs the given message with the given level.</doc>
<msg timestamp="20231211 21:16:02.473" level="INFO">71</msg>
<status status="PASS" starttime="20231211 21:16:02.473" endtime="20231211 21:16:02.473"/>
</kw>
<status status="PASS" starttime="20231211 21:16:02.473" endtime="20231211 21:16:02.473"/>
</iter>
<iter>
<var name="${id}">72</var>
<kw name="Log" library="BuiltIn">
<arg>${id}</arg>
<doc>Logs the given message with the given level.</doc>
<msg timestamp="20231211 21:16:02.473" level="INFO">72</msg>
<status status="PASS" starttime="20231211 21:16:02.473" endtime="20231211 21:16:02.473"/>
</kw>
<status status="PASS" starttime="20231211 21:16:02.473" endtime="20231211 21:16:02.473"/>
</iter>
<iter>
<var name="${id}">73</var>
<kw name="Log" library="BuiltIn">
<arg>${id}</arg>
<doc>Logs the given message with the given level.</doc>
<msg timestamp="20231211 21:16:02.474" level="INFO">73</msg>
<status status="PASS" starttime="20231211 21:16:02.473" endtime="20231211 21:16:02.474"/>
</kw>
<status status="PASS" starttime="20231211 21:16:02.473" endtime="20231211 21:16:02.474"/>
</iter>
<iter>
<var name="${id}">74</var>
<kw name="Log" library="BuiltIn">
<arg>${id}</arg>
<doc>Logs the given message with the given level.</doc>
<msg timestamp="20231211 21:16:02.474" level="INFO">74</msg>
<status status="PASS" starttime="20231211 21:16:02.474" endtime="20231211 21:16:02.474"/>
</kw>
<status status="PASS" starttime="20231211 21:16:02.474" endtime="20231211 21:16:02.474"/>
</iter>
<iter>
<var name="${id}">75</var>
<kw name="Log" library="BuiltIn">
<arg>${id}</arg>
<doc>Logs the given message with the given level.</doc>
<msg timestamp="20231211 21:16:02.474" level="INFO">75</msg>
<status status="PASS" starttime="20231211 21:16:02.474" endtime="20231211 21:16:02.474"/>
</kw>
<status status="PASS" starttime="20231211 21:16:02.474" endtime="20231211 21:16:02.474"/>
</iter>
<iter>
<var name="${id}">76</var>
<kw name="Log" library="BuiltIn">
<arg>${id}</arg>
<doc>Logs the given message with the given level.</doc>
<msg timestamp="20231211 21:16:02.474" level="INFO">76</msg>
<status status="PASS" starttime="20231211 21:16:02.474" endtime="20231211 21:16:02.474"/>
</kw>
<status status="PASS" starttime="20231211 21:16:02.474" endtime="20231211 21:16:02.474"/>
</iter>
<iter>
<var name="${id}">77</var>
<kw name="Log" library="BuiltIn">
<arg>${id}</arg>
<doc>Logs the given message with the given level.</doc>
<msg timestamp="20231211 21:16:02.474" level="INFO">77</msg>
<status status="PASS" starttime="20231211 21:16:02.474" endtime="20231211 21:16:02.474"/>
</kw>
<status status="PASS" starttime="20231211 21:16:02.474" endtime="20231211 21:16:02.474"/>
</iter>
<iter>
<var name="${id}">78</var>
<kw name="Log" library="BuiltIn">
<arg>${id}</arg>
<doc>Logs the given message with the given level.</doc>
<msg timestamp="20231211 21:16:02.474" level="INFO">78</msg>
<status status="PASS" starttime="20231211 21:16:02.474" endtime="20231211 21:16:02.474"/>
</kw>
<status status="PASS" starttime="20231211 21:16:02.474" endtime="20231211 21:16:02.474"/>
</iter>
<iter>
<var name="${id}">79</var>
<kw name="Log" library="BuiltIn">
<arg>${id}</arg>
<doc>Logs the given message with the given level.</doc>
<msg timestamp="20231211 21:16:02.474" level="INFO">79</msg>
<status status="PASS" starttime="20231211 21:16:02.474" endtime="20231211 21:16:02.474"/>
</kw>
<status status="PASS" starttime="20231211 21:16:02.474" endtime="20231211 21:16:02.474"/>
</iter>
<iter>
<var name="${id}">80</var>
<kw name="Log" library="BuiltIn">
<arg>${id}</arg>
<doc>Logs the given message with the given level.</doc>
<msg timestamp="20231211 21:16:02.475" level="INFO">80</msg>
<status status="PASS" starttime="20231211 21:16:02.475" endtime="20231211 21:16:02.475"/>
</kw>
<status status="PASS" starttime="20231211 21:16:02.475" endtime="20231211 21:16:02.475"/>
</iter>
<iter>
<var name="${id}">81</var>
<kw name="Log" library="BuiltIn">
<arg>${id}</arg>
<doc>Logs the given message with the given level.</doc>
<msg timestamp="20231211 21:16:02.475" level="INFO">81</msg>
<status status="PASS" starttime="20231211 21:16:02.475" endtime="20231211 21:16:02.475"/>
</kw>
<status status="PASS" starttime="20231211 21:16:02.475" endtime="20231211 21:16:02.475"/>
</iter>
<iter>
<var name="${id}">82</var>
<kw name="Log" library="BuiltIn">
<arg>${id}</arg>
<doc>Logs the given message with the given level.</doc>
<msg timestamp="20231211 21:16:02.475" level="INFO">82</msg>
<status status="PASS" starttime="20231211 21:16:02.475" endtime="20231211 21:16:02.475"/>
</kw>
<status status="PASS" starttime="20231211 21:16:02.475" endtime="20231211 21:16:02.475"/>
</iter>
<iter>
<var name="${id}">83</var>
<kw name="Log" library="BuiltIn">
<arg>${id}</arg>
<doc>Logs the given message with the given level.</doc>
<msg timestamp="20231211 21:16:02.475" level="INFO">83</msg>
<status status="PASS" starttime="20231211 21:16:02.475" endtime="20231211 21:16:02.475"/>
</kw>
<status status="PASS" starttime="20231211 21:16:02.475" endtime="20231211 21:16:02.475"/>
</iter>
<iter>
<var name="${id}">84</var>
<kw name="Log" library="BuiltIn">
<arg>${id}</arg>
<doc>Logs the given message with the given level.</doc>
<msg timestamp="20231211 21:16:02.475" level="INFO">84</msg>
<status status="PASS" starttime="20231211 21:16:02.475" endtime="20231211 21:16:02.475"/>
</kw>
<status status="PASS" starttime="20231211 21:16:02.475" endtime="20231211 21:16:02.475"/>
</iter>
<iter>
<var name="${id}">85</var>
<kw name="Log" library="BuiltIn">
<arg>${id}</arg>
<doc>Logs the given message with the given level.</doc>
<msg timestamp="20231211 21:16:02.475" level="INFO">85</msg>
<status status="PASS" starttime="20231211 21:16:02.475" endtime="20231211 21:16:02.475"/>
</kw>
<status status="PASS" starttime="20231211 21:16:02.475" endtime="20231211 21:16:02.475"/>
</iter>
<iter>
<var name="${id}">86</var>
<kw name="Log" library="BuiltIn">
<arg>${id}</arg>
<doc>Logs the given message with the given level.</doc>
<msg timestamp="20231211 21:16:02.476" level="INFO">86</msg>
<status status="PASS" starttime="20231211 21:16:02.476" endtime="20231211 21:16:02.476"/>
</kw>
<status status="PASS" starttime="20231211 21:16:02.475" endtime="20231211 21:16:02.476"/>
</iter>
<iter>
<var name="${id}">87</var>
<kw name="Log" library="BuiltIn">
<arg>${id}</arg>
<doc>Logs the given message with the given level.</doc>
<msg timestamp="20231211 21:16:02.476" level="INFO">87</msg>
<status status="PASS" starttime="20231211 21:16:02.476" endtime="20231211 21:16:02.476"/>
</kw>
<status status="PASS" starttime="20231211 21:16:02.476" endtime="20231211 21:16:02.476"/>
</iter>
<iter>
<var name="${id}">88</var>
<kw name="Log" library="BuiltIn">
<arg>${id}</arg>
<doc>Logs the given message with the given level.</doc>
<msg timestamp="20231211 21:16:02.476" level="INFO">88</msg>
<status status="PASS" starttime="20231211 21:16:02.476" endtime="20231211 21:16:02.476"/>
</kw>
<status status="PASS" starttime="20231211 21:16:02.476" endtime="20231211 21:16:02.476"/>
</iter>
<iter>
<var name="${id}">89</var>
<kw name="Log" library="BuiltIn">
<arg>${id}</arg>
<doc>Logs the given message with the given level.</doc>
<msg timestamp="20231211 21:16:02.476" level="INFO">89</msg>
<status status="PASS" starttime="20231211 21:16:02.476" endtime="20231211 21:16:02.476"/>
</kw>
<status status="PASS" starttime="20231211 21:16:02.476" endtime="20231211 21:16:02.476"/>
</iter>
<iter>
<var name="${id}">90</var>
<kw name="Log" library="BuiltIn">
<arg>${id}</arg>
<doc>Logs the given message with the given level.</doc>
<msg timestamp="20231211 21:16:02.476" level="INFO">90</msg>
<status status="PASS" starttime="20231211 21:16:02.476" endtime="20231211 21:16:02.476"/>
</kw>
<status status="PASS" starttime="20231211 21:16:02.476" endtime="20231211 21:16:02.476"/>
</iter>
<iter>
<var name="${id}">91</var>
<kw name="Log" library="BuiltIn">
<arg>${id}</arg>
<doc>Logs the given message with the given level.</doc>
<msg timestamp="20231211 21:16:02.476" level="INFO">91</msg>
<status status="PASS" starttime="20231211 21:16:02.476" endtime="20231211 21:16:02.476"/>
</kw>
<status status="PASS" starttime="20231211 21:16:02.476" endtime="20231211 21:16:02.476"/>
</iter>
<iter>
<var name="${id}">92</var>
<kw name="Log" library="BuiltIn">
<arg>${id}</arg>
<doc>Logs the given message with the given level.</doc>
<msg timestamp="20231211 21:16:02.476" level="INFO">92</msg>
<status status="PASS" starttime="20231211 21:16:02.476" endtime="20231211 21:16:02.477"/>
</kw>
<status status="PASS" starttime="20231211 21:16:02.476" endtime="20231211 21:16:02.477"/>
</iter>
<iter>
<var name="${id}">93</var>
<kw name="Log" library="BuiltIn">
<arg>${id}</arg>
<doc>Logs the given message with the given level.</doc>
<msg timestamp="20231211 21:16:02.477" level="INFO">93</msg>
<status status="PASS" starttime="20231211 21:16:02.477" endtime="20231211 21:16:02.477"/>
</kw>
<status status="PASS" starttime="20231211 21:16:02.477" endtime="20231211 21:16:02.477"/>
</iter>
<iter>
<var name="${id}">94</var>
<kw name="Log" library="BuiltIn">
<arg>${id}</arg>
<doc>Logs the given message with the given level.</doc>
<msg timestamp="20231211 21:16:02.477" level="INFO">94</msg>
<status status="PASS" starttime="20231211 21:16:02.477" endtime="20231211 21:16:02.477"/>
</kw>
<status status="PASS" starttime="20231211 21:16:02.477" endtime="20231211 21:16:02.477"/>
</iter>
<iter>
<var name="${id}">95</var>
<kw name="Log" library="BuiltIn">
<arg>${id}</arg>
<doc>Logs the given message with the given level.</doc>
<msg timestamp="20231211 21:16:02.477" level="INFO">95</msg>
<status status="PASS" starttime="20231211 21:16:02.477" endtime="20231211 21:16:02.477"/>
</kw>
<status status="PASS" starttime="20231211 21:16:02.477" endtime="20231211 21:16:02.477"/>
</iter>
<iter>
<var name="${id}">96</var>
<kw name="Log" library="BuiltIn">
<arg>${id}</arg>
<doc>Logs the given message with the given level.</doc>
<msg timestamp="20231211 21:16:02.477" level="INFO">96</msg>
<status status="PASS" starttime="20231211 21:16:02.477" endtime="20231211 21:16:02.477"/>
</kw>
<status status="PASS" starttime="20231211 21:16:02.477" endtime="20231211 21:16:02.477"/>
</iter>
<iter>
<var name="${id}">97</var>
<kw name="Log" library="BuiltIn">
<arg>${id}</arg>
<doc>Logs the given message with the given level.</doc>
<msg timestamp="20231211 21:16:02.477" level="INFO">97</msg>
<status status="PASS" starttime="20231211 21:16:02.477" endtime="20231211 21:16:02.477"/>
</kw>
<status status="PASS" starttime="20231211 21:16:02.477" endtime="20231211 21:16:02.477"/>
</iter>
<iter>
<var name="${id}">98</var>
<kw name="Log" library="BuiltIn">
<arg>${id}</arg>
<doc>Logs the given message with the given level.</doc>
<msg timestamp="20231211 21:16:02.477" level="INFO">98</msg>
<status status="PASS" starttime="20231211 21:16:02.477" endtime="20231211 21:16:02.477"/>
</kw>
<status status="PASS" starttime="20231211 21:16:02.477" endtime="20231211 21:16:02.477"/>
</iter>
<iter>
<var name="${id}">99</var>
<kw name="Log" library="BuiltIn">
<arg>${id}</arg>
<doc>Logs the given message with the given level.</doc>
<msg timestamp="20231211 21:16:02.478" level="INFO">99</msg>
<status status="PASS" starttime="20231211 21:16:02.477" endtime="20231211 21:16:02.478"/>
</kw>
<status status="PASS" starttime="20231211 21:16:02.477" endtime="20231211 21:16:02.478"/>
</iter>
<iter>
<var name="${id}">100</var>
<kw name="Log" library="BuiltIn">
<arg>${id}</arg>
<doc>Logs the given message with the given level.</doc>
<msg timestamp="20231211 21:16:02.478" level="INFO">100</msg>
<status status="PASS" starttime="20231211 21:16:02.478" endtime="20231211 21:16:02.478"/>
</kw>
<status status="PASS" starttime="20231211 21:16:02.478" endtime="20231211 21:16:02.478"/>
</iter>
<status status="PASS" starttime="20231211 21:16:02.461" endtime="20231211 21:16:02.478"/>
</for>
<doc>Log every id from the list of JSONs</doc>
<status status="PASS" starttime="20231211 21:16:01.998" endtime="20231211 21:16:02.479"/>
</test>
<doc>Using the following libraries to perform basic API testing</doc>
<status status="PASS" starttime="20231211 21:15:58.893" endtime="20231211 21:16:02.482"/>
</suite>
<status status="PASS" starttime="20231211 21:15:56.647" endtime="20231211 21:16:02.487"/>
</suite>
<statistics>
<total>
<stat pass="9" fail="0" skip="0">All Tests</stat>
</total>
<tag>
</tag>
<suite>
<stat pass="9" fail="0" skip="0" id="s1" name="Tests">Tests</stat>
<stat pass="5" fail="0" skip="0" id="s1-s1" name="API HTTP Methods">Tests.API HTTP Methods</stat>
<stat pass="4" fail="0" skip="0" id="s1-s2" name="API JSON Parse">Tests.API JSON Parse</stat>
</suite>
</statistics>
<errors>
</errors>
</robot>
